2019-05-22 14:24:19,257 INFO org.bibliotheque.BibliothequeApplication [main] Starting BibliothequeApplication on DESKTOP-O849VJ0 with PID 3312 (started by CELIM in E:\PARCOURS DÉVELOPPEUR D'APPLICATION JAVA\PROJET 7 - DEVELOPPEZ LE NOUVEAU SYSTEME D’INFORMATION DE LA BIBLIOTHEQUE D’UNE GRANDE VILLE\OC-PROJET-7-WEB-SERVICE-BIBLIOTHEQUE\oc-bibliotheque-webapplication)
2019-05-22 14:24:19,260 DEBUG org.bibliotheque.BibliothequeApplication [main] Running with Spring Boot v2.1.4.RELEASE, Spring v5.1.6.RELEASE
2019-05-22 14:24:19,260 INFO org.bibliotheque.BibliothequeApplication [main] No active profile set, falling back to default profiles: default
2019-05-22 14:24:21,404 INFO org.bibliotheque.BibliothequeApplication [main] Started BibliothequeApplication in 2.453 seconds (JVM running for 3.152)
2019-05-22 14:24:36,787 DEBUG org.bibliotheque.controller.OuvrageController [http-nio-8080-exec-5] Hello from Logback
2019-05-22 14:28:15,358 INFO org.bibliotheque.BibliothequeApplication [main] Starting BibliothequeApplication on DESKTOP-O849VJ0 with PID 8572 (started by CELIM in E:\PARCOURS DÉVELOPPEUR D'APPLICATION JAVA\PROJET 7 - DEVELOPPEZ LE NOUVEAU SYSTEME D’INFORMATION DE LA BIBLIOTHEQUE D’UNE GRANDE VILLE\OC-PROJET-7-WEB-SERVICE-BIBLIOTHEQUE\oc-bibliotheque-webapplication)
2019-05-22 14:28:15,361 DEBUG org.bibliotheque.BibliothequeApplication [main] Running with Spring Boot v2.1.4.RELEASE, Spring v5.1.6.RELEASE
2019-05-22 14:28:15,366 INFO org.bibliotheque.BibliothequeApplication [main] No active profile set, falling back to default profiles: default
2019-05-22 14:28:17,848 INFO org.bibliotheque.BibliothequeApplication [main] Started BibliothequeApplication in 2.855 seconds (JVM running for 3.644)
2019-05-22 14:28:19,420 DEBUG org.bibliotheque.controller.OuvrageController [http-nio-8080-exec-5] Hello from Logback
2019-05-22 14:28:19,421 INFO org.bibliotheque.controller.OuvrageController [http-nio-8080-exec-5] Liste d'ourages : 
2019-05-22 14:28:41,793 INFO org.bibliotheque.BibliothequeApplication [main] Starting BibliothequeApplication on DESKTOP-O849VJ0 with PID 8088 (started by CELIM in E:\PARCOURS DÉVELOPPEUR D'APPLICATION JAVA\PROJET 7 - DEVELOPPEZ LE NOUVEAU SYSTEME D’INFORMATION DE LA BIBLIOTHEQUE D’UNE GRANDE VILLE\OC-PROJET-7-WEB-SERVICE-BIBLIOTHEQUE\oc-bibliotheque-webapplication)
2019-05-22 14:28:41,797 DEBUG org.bibliotheque.BibliothequeApplication [main] Running with Spring Boot v2.1.4.RELEASE, Spring v5.1.6.RELEASE
2019-05-22 14:28:41,798 INFO org.bibliotheque.BibliothequeApplication [main] No active profile set, falling back to default profiles: default
2019-05-22 14:28:44,132 INFO org.bibliotheque.BibliothequeApplication [main] Started BibliothequeApplication in 2.642 seconds (JVM running for 3.382)
2019-05-22 14:28:44,299 DEBUG org.bibliotheque.controller.OuvrageController [http-nio-8080-exec-1] Hello from Logback
2019-05-22 14:28:44,299 INFO org.bibliotheque.controller.OuvrageController [http-nio-8080-exec-1] Liste d'ourages : 
2019-05-22 14:29:35,279 INFO org.bibliotheque.BibliothequeApplication [main] Starting BibliothequeApplication on DESKTOP-O849VJ0 with PID 5416 (started by CELIM in E:\PARCOURS DÉVELOPPEUR D'APPLICATION JAVA\PROJET 7 - DEVELOPPEZ LE NOUVEAU SYSTEME D’INFORMATION DE LA BIBLIOTHEQUE D’UNE GRANDE VILLE\OC-PROJET-7-WEB-SERVICE-BIBLIOTHEQUE\oc-bibliotheque-webapplication)
2019-05-22 14:29:35,281 DEBUG org.bibliotheque.BibliothequeApplication [main] Running with Spring Boot v2.1.4.RELEASE, Spring v5.1.6.RELEASE
2019-05-22 14:29:35,282 INFO org.bibliotheque.BibliothequeApplication [main] No active profile set, falling back to default profiles: default
2019-05-22 14:29:37,549 INFO org.bibliotheque.BibliothequeApplication [main] Started BibliothequeApplication in 2.593 seconds (JVM running for 3.305)
2019-05-22 14:29:37,763 DEBUG org.bibliotheque.controller.OuvrageController [http-nio-8080-exec-2] Hello from Logback
2019-05-22 14:29:37,763 INFO org.bibliotheque.controller.OuvrageController [http-nio-8080-exec-2] Liste d'ourages : org.bibliotheque.wsdl.OuvrageType@4a95410b
2019-05-22 14:30:02,337 INFO org.bibliotheque.BibliothequeApplication [main] Starting BibliothequeApplication on DESKTOP-O849VJ0 with PID 1388 (started by CELIM in E:\PARCOURS DÉVELOPPEUR D'APPLICATION JAVA\PROJET 7 - DEVELOPPEZ LE NOUVEAU SYSTEME D’INFORMATION DE LA BIBLIOTHEQUE D’UNE GRANDE VILLE\OC-PROJET-7-WEB-SERVICE-BIBLIOTHEQUE\oc-bibliotheque-webapplication)
2019-05-22 14:30:02,340 DEBUG org.bibliotheque.BibliothequeApplication [main] Running with Spring Boot v2.1.4.RELEASE, Spring v5.1.6.RELEASE
2019-05-22 14:30:02,340 INFO org.bibliotheque.BibliothequeApplication [main] No active profile set, falling back to default profiles: default
2019-05-22 14:30:04,853 INFO org.bibliotheque.BibliothequeApplication [main] Started BibliothequeApplication in 2.844 seconds (JVM running for 3.547)
2019-05-22 14:30:06,293 DEBUG org.bibliotheque.controller.OuvrageController [http-nio-8080-exec-4] Hello from Logback
2019-05-22 14:30:06,293 INFO org.bibliotheque.controller.OuvrageController [http-nio-8080-exec-4] Liste d'ourages : 4
2019-05-22 14:30:09,431 DEBUG org.bibliotheque.controller.OuvrageController [http-nio-8080-exec-5] Hello from Logback
2019-05-22 14:30:09,432 INFO org.bibliotheque.controller.OuvrageController [http-nio-8080-exec-5] Liste d'ourages : 4
2019-05-22 14:43:02,510 INFO org.bibliotheque.BibliothequeApplication [main] Starting BibliothequeApplication on DESKTOP-O849VJ0 with PID 8116 (started by CELIM in E:\PARCOURS DÉVELOPPEUR D'APPLICATION JAVA\PROJET 7 - DEVELOPPEZ LE NOUVEAU SYSTEME D’INFORMATION DE LA BIBLIOTHEQUE D’UNE GRANDE VILLE\OC-PROJET-7-WEB-SERVICE-BIBLIOTHEQUE\oc-bibliotheque-webapplication)
2019-05-22 14:43:02,515 DEBUG org.bibliotheque.BibliothequeApplication [main] Running with Spring Boot v2.1.4.RELEASE, Spring v5.1.6.RELEASE
2019-05-22 14:43:02,516 INFO org.bibliotheque.BibliothequeApplication [main] No active profile set, falling back to default profiles: default
2019-05-22 14:43:04,796 INFO org.bibliotheque.BibliothequeApplication [main] Started BibliothequeApplication in 2.572 seconds (JVM running for 3.237)
2019-05-22 14:43:09,381 DEBUG org.bibliotheque.controller.OuvrageController [http-nio-8080-exec-6] Hello from Logback
2019-05-22 14:43:09,382 INFO org.bibliotheque.controller.OuvrageController [http-nio-8080-exec-6] Liste d'ourages : 4
2019-05-22 14:44:58,855 INFO org.bibliotheque.BibliothequeApplication [main] Starting BibliothequeApplication on DESKTOP-O849VJ0 with PID 8100 (started by CELIM in E:\PARCOURS DÉVELOPPEUR D'APPLICATION JAVA\PROJET 7 - DEVELOPPEZ LE NOUVEAU SYSTEME D’INFORMATION DE LA BIBLIOTHEQUE D’UNE GRANDE VILLE\OC-PROJET-7-WEB-SERVICE-BIBLIOTHEQUE\oc-bibliotheque-webapplication)
2019-05-22 14:44:58,858 DEBUG org.bibliotheque.BibliothequeApplication [main] Running with Spring Boot v2.1.4.RELEASE, Spring v5.1.6.RELEASE
2019-05-22 14:44:58,859 INFO org.bibliotheque.BibliothequeApplication [main] No active profile set, falling back to default profiles: default
2019-05-22 14:45:01,157 INFO org.bibliotheque.BibliothequeApplication [main] Started BibliothequeApplication in 2.636 seconds (JVM running for 3.316)
2019-05-22 14:45:04,018 DEBUG org.bibliotheque.controller.OuvrageController [http-nio-8080-exec-9] Hello from Logback
2019-05-22 14:45:04,018 INFO org.bibliotheque.controller.OuvrageController [http-nio-8080-exec-9] Liste d'ourages : 4
2019-05-22 14:45:16,663 INFO org.bibliotheque.BibliothequeApplication [main] Starting BibliothequeApplication on DESKTOP-O849VJ0 with PID 13072 (started by CELIM in E:\PARCOURS DÉVELOPPEUR D'APPLICATION JAVA\PROJET 7 - DEVELOPPEZ LE NOUVEAU SYSTEME D’INFORMATION DE LA BIBLIOTHEQUE D’UNE GRANDE VILLE\OC-PROJET-7-WEB-SERVICE-BIBLIOTHEQUE\oc-bibliotheque-webapplication)
2019-05-22 14:45:16,665 DEBUG org.bibliotheque.BibliothequeApplication [main] Running with Spring Boot v2.1.4.RELEASE, Spring v5.1.6.RELEASE
2019-05-22 14:45:16,666 INFO org.bibliotheque.BibliothequeApplication [main] No active profile set, falling back to default profiles: default
2019-05-22 14:45:18,721 INFO org.bibliotheque.BibliothequeApplication [main] Started BibliothequeApplication in 2.398 seconds (JVM running for 3.086)
2019-05-22 14:45:23,150 DEBUG org.bibliotheque.controller.OuvrageController [http-nio-8080-exec-6] Hello from Logback
2019-05-22 14:45:23,150 INFO org.bibliotheque.controller.OuvrageController [http-nio-8080-exec-6] Liste d'ourages : 4
2019-05-22 15:06:21,432 INFO org.bibliotheque.BibliothequeApplication [main] Starting BibliothequeApplication on DESKTOP-O849VJ0 with PID 11428 (started by CELIM in E:\PARCOURS DÉVELOPPEUR D'APPLICATION JAVA\PROJET 7 - DEVELOPPEZ LE NOUVEAU SYSTEME D’INFORMATION DE LA BIBLIOTHEQUE D’UNE GRANDE VILLE\OC-PROJET-7-WEB-SERVICE-BIBLIOTHEQUE\oc-bibliotheque-webapplication)
2019-05-22 15:06:21,436 DEBUG org.bibliotheque.BibliothequeApplication [main] Running with Spring Boot v2.1.4.RELEASE, Spring v5.1.6.RELEASE
2019-05-22 15:06:21,437 INFO org.bibliotheque.BibliothequeApplication [main] No active profile set, falling back to default profiles: default
2019-05-22 15:06:23,598 INFO org.bibliotheque.BibliothequeApplication [main] Started BibliothequeApplication in 2.504 seconds (JVM running for 3.212)
2019-05-22 15:06:32,088 INFO org.bibliotheque.BibliothequeApplication [main] Starting BibliothequeApplication on DESKTOP-O849VJ0 with PID 4568 (started by CELIM in E:\PARCOURS DÉVELOPPEUR D'APPLICATION JAVA\PROJET 7 - DEVELOPPEZ LE NOUVEAU SYSTEME D’INFORMATION DE LA BIBLIOTHEQUE D’UNE GRANDE VILLE\OC-PROJET-7-WEB-SERVICE-BIBLIOTHEQUE\oc-bibliotheque-webapplication)
2019-05-22 15:06:32,091 DEBUG org.bibliotheque.BibliothequeApplication [main] Running with Spring Boot v2.1.4.RELEASE, Spring v5.1.6.RELEASE
2019-05-22 15:06:32,091 INFO org.bibliotheque.BibliothequeApplication [main] No active profile set, falling back to default profiles: default
2019-05-22 15:06:34,182 INFO org.bibliotheque.BibliothequeApplication [main] Started BibliothequeApplication in 2.38 seconds (JVM running for 3.06)
2019-05-22 15:06:40,104 DEBUG org.bibliotheque.controller.OuvrageController [http-nio-8080-exec-8] Hello from Logback
2019-05-22 15:06:40,105 INFO org.bibliotheque.controller.OuvrageController [http-nio-8080-exec-8] Liste d'ourages : 4
2019-05-22 15:13:32,478 INFO org.bibliotheque.BibliothequeApplication [main] Starting BibliothequeApplication on DESKTOP-O849VJ0 with PID 988 (started by CELIM in E:\PARCOURS DÉVELOPPEUR D'APPLICATION JAVA\PROJET 7 - DEVELOPPEZ LE NOUVEAU SYSTEME D’INFORMATION DE LA BIBLIOTHEQUE D’UNE GRANDE VILLE\OC-PROJET-7-WEB-SERVICE-BIBLIOTHEQUE\oc-bibliotheque-webapplication)
2019-05-22 15:13:32,481 DEBUG org.bibliotheque.BibliothequeApplication [main] Running with Spring Boot v2.1.4.RELEASE, Spring v5.1.6.RELEASE
2019-05-22 15:13:32,482 INFO org.bibliotheque.BibliothequeApplication [main] No active profile set, falling back to default profiles: default
2019-05-22 15:13:34,713 INFO org.bibliotheque.BibliothequeApplication [main] Started BibliothequeApplication in 2.602 seconds (JVM running for 3.394)
2019-05-22 15:13:38,007 DEBUG org.bibliotheque.controller.OuvrageController [http-nio-8080-exec-8] Hello from Logback
2019-05-22 15:13:38,007 INFO org.bibliotheque.controller.OuvrageController [http-nio-8080-exec-8] Liste d'ourages : 4
2019-05-22 15:14:39,825 INFO org.bibliotheque.BibliothequeApplication [main] Starting BibliothequeApplication on DESKTOP-O849VJ0 with PID 8452 (started by CELIM in E:\PARCOURS DÉVELOPPEUR D'APPLICATION JAVA\PROJET 7 - DEVELOPPEZ LE NOUVEAU SYSTEME D’INFORMATION DE LA BIBLIOTHEQUE D’UNE GRANDE VILLE\OC-PROJET-7-WEB-SERVICE-BIBLIOTHEQUE\oc-bibliotheque-webapplication)
2019-05-22 15:14:39,828 DEBUG org.bibliotheque.BibliothequeApplication [main] Running with Spring Boot v2.1.4.RELEASE, Spring v5.1.6.RELEASE
2019-05-22 15:14:39,828 INFO org.bibliotheque.BibliothequeApplication [main] No active profile set, falling back to default profiles: default
2019-05-22 15:14:42,039 INFO org.bibliotheque.BibliothequeApplication [main] Started BibliothequeApplication in 2.493 seconds (JVM running for 3.18)
2019-05-22 15:14:45,961 DEBUG org.bibliotheque.controller.OuvrageController [http-nio-8080-exec-9] Hello from Logback
2019-05-22 15:14:45,961 INFO org.bibliotheque.controller.OuvrageController [http-nio-8080-exec-9] Liste d'ourages : 4
2019-05-22 15:15:25,046 DEBUG org.bibliotheque.controller.OuvrageController [http-nio-8080-exec-7] Hello from Logback
2019-05-22 15:15:25,046 INFO org.bibliotheque.controller.OuvrageController [http-nio-8080-exec-7] Liste d'ourages : 4
2019-05-22 15:28:39,285 INFO org.bibliotheque.BibliothequeApplication [main] Starting BibliothequeApplication on DESKTOP-O849VJ0 with PID 14604 (started by CELIM in E:\PARCOURS DÉVELOPPEUR D'APPLICATION JAVA\PROJET 7 - DEVELOPPEZ LE NOUVEAU SYSTEME D’INFORMATION DE LA BIBLIOTHEQUE D’UNE GRANDE VILLE\OC-PROJET-7-WEB-SERVICE-BIBLIOTHEQUE\oc-bibliotheque-webapplication)
2019-05-22 15:28:39,294 DEBUG org.bibliotheque.BibliothequeApplication [main] Running with Spring Boot v2.1.4.RELEASE, Spring v5.1.6.RELEASE
2019-05-22 15:28:39,298 INFO org.bibliotheque.BibliothequeApplication [main] No active profile set, falling back to default profiles: default
2019-05-22 15:28:54,260 INFO org.bibliotheque.BibliothequeApplication [main] Started BibliothequeApplication in 15.432 seconds (JVM running for 16.998)
2019-05-22 15:29:07,725 DEBUG org.bibliotheque.controller.OuvrageController [http-nio-8080-exec-3] Hello from Logback
2019-05-22 15:29:07,725 INFO org.bibliotheque.controller.OuvrageController [http-nio-8080-exec-3] Liste d'ourages : 4
2019-05-22 15:30:01,770 INFO org.bibliotheque.BibliothequeApplication [main] Starting BibliothequeApplication on DESKTOP-O849VJ0 with PID 15300 (started by CELIM in E:\PARCOURS DÉVELOPPEUR D'APPLICATION JAVA\PROJET 7 - DEVELOPPEZ LE NOUVEAU SYSTEME D’INFORMATION DE LA BIBLIOTHEQUE D’UNE GRANDE VILLE\OC-PROJET-7-WEB-SERVICE-BIBLIOTHEQUE\oc-bibliotheque-webapplication)
2019-05-22 15:30:01,773 DEBUG org.bibliotheque.BibliothequeApplication [main] Running with Spring Boot v2.1.4.RELEASE, Spring v5.1.6.RELEASE
2019-05-22 15:30:01,773 INFO org.bibliotheque.BibliothequeApplication [main] No active profile set, falling back to default profiles: default
2019-05-22 15:30:04,013 INFO org.bibliotheque.BibliothequeApplication [main] Started BibliothequeApplication in 2.526 seconds (JVM running for 3.208)
2019-05-22 15:30:07,343 DEBUG org.bibliotheque.controller.OuvrageController [http-nio-8080-exec-2] Hello from Logback
2019-05-22 15:30:07,344 INFO org.bibliotheque.controller.OuvrageController [http-nio-8080-exec-2] Liste d'ourages : 4
2019-05-22 15:30:15,798 DEBUG org.bibliotheque.controller.OuvrageController [http-nio-8080-exec-1] Hello from Logback
2019-05-22 15:30:15,798 INFO org.bibliotheque.controller.OuvrageController [http-nio-8080-exec-1] Liste d'ourages : 4
2019-05-22 15:38:59,312 INFO org.bibliotheque.BibliothequeApplication [main] Starting BibliothequeApplication on DESKTOP-O849VJ0 with PID 9768 (started by CELIM in E:\PARCOURS DÉVELOPPEUR D'APPLICATION JAVA\PROJET 7 - DEVELOPPEZ LE NOUVEAU SYSTEME D’INFORMATION DE LA BIBLIOTHEQUE D’UNE GRANDE VILLE\OC-PROJET-7-WEB-SERVICE-BIBLIOTHEQUE\oc-bibliotheque-webapplication)
2019-05-22 15:38:59,316 DEBUG org.bibliotheque.BibliothequeApplication [main] Running with Spring Boot v2.1.4.RELEASE, Spring v5.1.6.RELEASE
2019-05-22 15:38:59,316 INFO org.bibliotheque.BibliothequeApplication [main] No active profile set, falling back to default profiles: default
2019-05-22 15:39:01,728 INFO org.bibliotheque.BibliothequeApplication [main] Started BibliothequeApplication in 2.868 seconds (JVM running for 3.61)
2019-05-22 15:39:06,569 DEBUG org.bibliotheque.controller.OuvrageController [http-nio-8080-exec-5] Hello from Logback
2019-05-22 15:39:06,569 INFO org.bibliotheque.controller.OuvrageController [http-nio-8080-exec-5] Liste d'ourages : 4
2019-05-22 15:39:18,308 INFO org.bibliotheque.BibliothequeApplication [main] Starting BibliothequeApplication on DESKTOP-O849VJ0 with PID 12904 (started by CELIM in E:\PARCOURS DÉVELOPPEUR D'APPLICATION JAVA\PROJET 7 - DEVELOPPEZ LE NOUVEAU SYSTEME D’INFORMATION DE LA BIBLIOTHEQUE D’UNE GRANDE VILLE\OC-PROJET-7-WEB-SERVICE-BIBLIOTHEQUE\oc-bibliotheque-webapplication)
2019-05-22 15:39:18,317 DEBUG org.bibliotheque.BibliothequeApplication [main] Running with Spring Boot v2.1.4.RELEASE, Spring v5.1.6.RELEASE
2019-05-22 15:39:18,318 INFO org.bibliotheque.BibliothequeApplication [main] No active profile set, falling back to default profiles: default
2019-05-22 15:39:20,568 INFO org.bibliotheque.BibliothequeApplication [main] Started BibliothequeApplication in 2.626 seconds (JVM running for 3.396)
2019-05-22 15:39:23,350 DEBUG org.bibliotheque.controller.OuvrageController [http-nio-8080-exec-6] Hello from Logback
2019-05-22 15:39:23,351 INFO org.bibliotheque.controller.OuvrageController [http-nio-8080-exec-6] Liste d'ourages : 4
2019-05-22 15:39:51,608 INFO org.bibliotheque.BibliothequeApplication [main] Starting BibliothequeApplication on DESKTOP-O849VJ0 with PID 7324 (started by CELIM in E:\PARCOURS DÉVELOPPEUR D'APPLICATION JAVA\PROJET 7 - DEVELOPPEZ LE NOUVEAU SYSTEME D’INFORMATION DE LA BIBLIOTHEQUE D’UNE GRANDE VILLE\OC-PROJET-7-WEB-SERVICE-BIBLIOTHEQUE\oc-bibliotheque-webapplication)
2019-05-22 15:39:51,610 DEBUG org.bibliotheque.BibliothequeApplication [main] Running with Spring Boot v2.1.4.RELEASE, Spring v5.1.6.RELEASE
2019-05-22 15:39:51,611 INFO org.bibliotheque.BibliothequeApplication [main] No active profile set, falling back to default profiles: default
2019-05-22 15:39:53,867 INFO org.bibliotheque.BibliothequeApplication [main] Started BibliothequeApplication in 2.542 seconds (JVM running for 3.209)
2019-05-22 15:39:56,509 DEBUG org.bibliotheque.controller.OuvrageController [http-nio-8080-exec-5] Hello from Logback
2019-05-22 15:39:56,509 INFO org.bibliotheque.controller.OuvrageController [http-nio-8080-exec-5] Liste d'ourages : 4
2019-05-22 15:41:50,361 INFO org.bibliotheque.BibliothequeApplication [main] Starting BibliothequeApplication on DESKTOP-O849VJ0 with PID 15176 (started by CELIM in E:\PARCOURS DÉVELOPPEUR D'APPLICATION JAVA\PROJET 7 - DEVELOPPEZ LE NOUVEAU SYSTEME D’INFORMATION DE LA BIBLIOTHEQUE D’UNE GRANDE VILLE\OC-PROJET-7-WEB-SERVICE-BIBLIOTHEQUE\oc-bibliotheque-webapplication)
2019-05-22 15:41:50,364 DEBUG org.bibliotheque.BibliothequeApplication [main] Running with Spring Boot v2.1.4.RELEASE, Spring v5.1.6.RELEASE
2019-05-22 15:41:50,365 INFO org.bibliotheque.BibliothequeApplication [main] No active profile set, falling back to default profiles: default
2019-05-22 15:41:52,457 INFO org.bibliotheque.BibliothequeApplication [main] Started BibliothequeApplication in 2.411 seconds (JVM running for 3.183)
2019-05-22 15:42:02,874 DEBUG org.bibliotheque.controller.OuvrageController [http-nio-8080-exec-5] Hello from Logback
2019-05-22 15:42:02,874 INFO org.bibliotheque.controller.OuvrageController [http-nio-8080-exec-5] Liste d'ourages : 4
2019-05-22 15:42:41,328 INFO org.bibliotheque.BibliothequeApplication [main] Starting BibliothequeApplication on DESKTOP-O849VJ0 with PID 3796 (started by CELIM in E:\PARCOURS DÉVELOPPEUR D'APPLICATION JAVA\PROJET 7 - DEVELOPPEZ LE NOUVEAU SYSTEME D’INFORMATION DE LA BIBLIOTHEQUE D’UNE GRANDE VILLE\OC-PROJET-7-WEB-SERVICE-BIBLIOTHEQUE\oc-bibliotheque-webapplication)
2019-05-22 15:42:41,331 DEBUG org.bibliotheque.BibliothequeApplication [main] Running with Spring Boot v2.1.4.RELEASE, Spring v5.1.6.RELEASE
2019-05-22 15:42:41,331 INFO org.bibliotheque.BibliothequeApplication [main] No active profile set, falling back to default profiles: default
2019-05-22 15:42:43,487 INFO org.bibliotheque.BibliothequeApplication [main] Started BibliothequeApplication in 2.482 seconds (JVM running for 3.171)
2019-05-22 15:42:49,337 DEBUG org.bibliotheque.controller.OuvrageController [http-nio-8080-exec-6] Hello from Logback
2019-05-22 15:42:49,337 INFO org.bibliotheque.controller.OuvrageController [http-nio-8080-exec-6] Liste d'ourages : 4
2019-05-22 15:44:03,702 INFO org.bibliotheque.BibliothequeApplication [main] Starting BibliothequeApplication on DESKTOP-O849VJ0 with PID 14700 (started by CELIM in E:\PARCOURS DÉVELOPPEUR D'APPLICATION JAVA\PROJET 7 - DEVELOPPEZ LE NOUVEAU SYSTEME D’INFORMATION DE LA BIBLIOTHEQUE D’UNE GRANDE VILLE\OC-PROJET-7-WEB-SERVICE-BIBLIOTHEQUE\oc-bibliotheque-webapplication)
2019-05-22 15:44:03,705 DEBUG org.bibliotheque.BibliothequeApplication [main] Running with Spring Boot v2.1.4.RELEASE, Spring v5.1.6.RELEASE
2019-05-22 15:44:03,705 INFO org.bibliotheque.BibliothequeApplication [main] No active profile set, falling back to default profiles: default
2019-05-22 15:44:05,870 INFO org.bibliotheque.BibliothequeApplication [main] Started BibliothequeApplication in 2.503 seconds (JVM running for 3.204)
2019-05-22 15:44:11,224 DEBUG org.bibliotheque.controller.OuvrageController [http-nio-8080-exec-4] Hello from Logback
2019-05-22 15:44:11,224 INFO org.bibliotheque.controller.OuvrageController [http-nio-8080-exec-4] Liste d'ourages : 4
2019-05-22 15:44:41,358 INFO org.bibliotheque.BibliothequeApplication [main] Starting BibliothequeApplication on DESKTOP-O849VJ0 with PID 13384 (started by CELIM in E:\PARCOURS DÉVELOPPEUR D'APPLICATION JAVA\PROJET 7 - DEVELOPPEZ LE NOUVEAU SYSTEME D’INFORMATION DE LA BIBLIOTHEQUE D’UNE GRANDE VILLE\OC-PROJET-7-WEB-SERVICE-BIBLIOTHEQUE\oc-bibliotheque-webapplication)
2019-05-22 15:44:41,361 DEBUG org.bibliotheque.BibliothequeApplication [main] Running with Spring Boot v2.1.4.RELEASE, Spring v5.1.6.RELEASE
2019-05-22 15:44:41,362 INFO org.bibliotheque.BibliothequeApplication [main] No active profile set, falling back to default profiles: default
2019-05-22 15:44:43,509 INFO org.bibliotheque.BibliothequeApplication [main] Started BibliothequeApplication in 2.525 seconds (JVM running for 3.252)
2019-05-22 15:44:49,978 DEBUG org.bibliotheque.controller.OuvrageController [http-nio-8080-exec-6] Hello from Logback
2019-05-22 15:44:49,978 INFO org.bibliotheque.controller.OuvrageController [http-nio-8080-exec-6] Liste d'ourages : 4
2019-05-22 15:45:15,779 INFO org.bibliotheque.BibliothequeApplication [main] Starting BibliothequeApplication on DESKTOP-O849VJ0 with PID 9140 (started by CELIM in E:\PARCOURS DÉVELOPPEUR D'APPLICATION JAVA\PROJET 7 - DEVELOPPEZ LE NOUVEAU SYSTEME D’INFORMATION DE LA BIBLIOTHEQUE D’UNE GRANDE VILLE\OC-PROJET-7-WEB-SERVICE-BIBLIOTHEQUE\oc-bibliotheque-webapplication)
2019-05-22 15:45:15,781 DEBUG org.bibliotheque.BibliothequeApplication [main] Running with Spring Boot v2.1.4.RELEASE, Spring v5.1.6.RELEASE
2019-05-22 15:45:15,782 INFO org.bibliotheque.BibliothequeApplication [main] No active profile set, falling back to default profiles: default
2019-05-22 15:45:17,990 INFO org.bibliotheque.BibliothequeApplication [main] Started BibliothequeApplication in 2.492 seconds (JVM running for 3.19)
2019-05-22 15:45:20,771 DEBUG org.bibliotheque.controller.OuvrageController [http-nio-8080-exec-4] Hello from Logback
2019-05-22 15:45:20,771 INFO org.bibliotheque.controller.OuvrageController [http-nio-8080-exec-4] Liste d'ourages : 4
2019-05-22 15:46:30,367 DEBUG org.bibliotheque.controller.OuvrageController [http-nio-8080-exec-9] Hello from Logback
2019-05-22 15:46:30,368 INFO org.bibliotheque.controller.OuvrageController [http-nio-8080-exec-9] Liste d'ourages : 4
2019-05-22 15:47:42,940 INFO org.bibliotheque.BibliothequeApplication [main] Starting BibliothequeApplication on DESKTOP-O849VJ0 with PID 12052 (started by CELIM in E:\PARCOURS DÉVELOPPEUR D'APPLICATION JAVA\PROJET 7 - DEVELOPPEZ LE NOUVEAU SYSTEME D’INFORMATION DE LA BIBLIOTHEQUE D’UNE GRANDE VILLE\OC-PROJET-7-WEB-SERVICE-BIBLIOTHEQUE\oc-bibliotheque-webapplication)
2019-05-22 15:47:42,944 DEBUG org.bibliotheque.BibliothequeApplication [main] Running with Spring Boot v2.1.4.RELEASE, Spring v5.1.6.RELEASE
2019-05-22 15:47:42,945 INFO org.bibliotheque.BibliothequeApplication [main] No active profile set, falling back to default profiles: default
2019-05-22 15:47:45,313 INFO org.bibliotheque.BibliothequeApplication [main] Started BibliothequeApplication in 2.699 seconds (JVM running for 3.423)
2019-05-22 15:47:50,700 DEBUG org.bibliotheque.controller.OuvrageController [http-nio-8080-exec-1] Hello from Logback
2019-05-22 15:47:50,701 INFO org.bibliotheque.controller.OuvrageController [http-nio-8080-exec-1] Liste d'ourages : 4
2019-05-22 15:51:14,327 INFO org.bibliotheque.BibliothequeApplication [main] Starting BibliothequeApplication on DESKTOP-O849VJ0 with PID 11972 (started by CELIM in E:\PARCOURS DÉVELOPPEUR D'APPLICATION JAVA\PROJET 7 - DEVELOPPEZ LE NOUVEAU SYSTEME D’INFORMATION DE LA BIBLIOTHEQUE D’UNE GRANDE VILLE\OC-PROJET-7-WEB-SERVICE-BIBLIOTHEQUE\oc-bibliotheque-webapplication)
2019-05-22 15:51:14,330 DEBUG org.bibliotheque.BibliothequeApplication [main] Running with Spring Boot v2.1.4.RELEASE, Spring v5.1.6.RELEASE
2019-05-22 15:51:14,330 INFO org.bibliotheque.BibliothequeApplication [main] No active profile set, falling back to default profiles: default
2019-05-22 15:51:16,504 INFO org.bibliotheque.BibliothequeApplication [main] Started BibliothequeApplication in 2.452 seconds (JVM running for 3.171)
2019-05-22 15:51:21,290 DEBUG org.bibliotheque.controller.OuvrageController [http-nio-8080-exec-3] Hello from Logback
2019-05-22 15:51:21,290 INFO org.bibliotheque.controller.OuvrageController [http-nio-8080-exec-3] Liste d'ourages : 4
2019-05-22 15:52:35,055 INFO org.bibliotheque.BibliothequeApplication [main] Starting BibliothequeApplication on DESKTOP-O849VJ0 with PID 3360 (started by CELIM in E:\PARCOURS DÉVELOPPEUR D'APPLICATION JAVA\PROJET 7 - DEVELOPPEZ LE NOUVEAU SYSTEME D’INFORMATION DE LA BIBLIOTHEQUE D’UNE GRANDE VILLE\OC-PROJET-7-WEB-SERVICE-BIBLIOTHEQUE\oc-bibliotheque-webapplication)
2019-05-22 15:52:35,058 DEBUG org.bibliotheque.BibliothequeApplication [main] Running with Spring Boot v2.1.4.RELEASE, Spring v5.1.6.RELEASE
2019-05-22 15:52:35,058 INFO org.bibliotheque.BibliothequeApplication [main] No active profile set, falling back to default profiles: default
2019-05-22 15:52:37,211 INFO org.bibliotheque.BibliothequeApplication [main] Started BibliothequeApplication in 2.457 seconds (JVM running for 3.142)
2019-05-22 15:52:43,062 DEBUG org.bibliotheque.controller.OuvrageController [http-nio-8080-exec-1] Hello from Logback
2019-05-22 15:52:43,062 INFO org.bibliotheque.controller.OuvrageController [http-nio-8080-exec-1] Liste d'ourages : 4
2019-05-22 15:54:09,484 INFO org.bibliotheque.BibliothequeApplication [main] Starting BibliothequeApplication on DESKTOP-O849VJ0 with PID 372 (started by CELIM in E:\PARCOURS DÉVELOPPEUR D'APPLICATION JAVA\PROJET 7 - DEVELOPPEZ LE NOUVEAU SYSTEME D’INFORMATION DE LA BIBLIOTHEQUE D’UNE GRANDE VILLE\OC-PROJET-7-WEB-SERVICE-BIBLIOTHEQUE\oc-bibliotheque-webapplication)
2019-05-22 15:54:09,487 DEBUG org.bibliotheque.BibliothequeApplication [main] Running with Spring Boot v2.1.4.RELEASE, Spring v5.1.6.RELEASE
2019-05-22 15:54:09,488 INFO org.bibliotheque.BibliothequeApplication [main] No active profile set, falling back to default profiles: default
2019-05-22 15:54:11,695 INFO org.bibliotheque.BibliothequeApplication [main] Started BibliothequeApplication in 2.547 seconds (JVM running for 3.261)
2019-05-22 15:54:17,399 DEBUG org.bibliotheque.controller.OuvrageController [http-nio-8080-exec-10] Hello from Logback
2019-05-22 15:54:17,399 INFO org.bibliotheque.controller.OuvrageController [http-nio-8080-exec-10] Liste d'ourages : 4
2019-05-22 15:55:19,842 INFO org.bibliotheque.BibliothequeApplication [main] Starting BibliothequeApplication on DESKTOP-O849VJ0 with PID 13696 (started by CELIM in E:\PARCOURS DÉVELOPPEUR D'APPLICATION JAVA\PROJET 7 - DEVELOPPEZ LE NOUVEAU SYSTEME D’INFORMATION DE LA BIBLIOTHEQUE D’UNE GRANDE VILLE\OC-PROJET-7-WEB-SERVICE-BIBLIOTHEQUE\oc-bibliotheque-webapplication)
2019-05-22 15:55:19,845 DEBUG org.bibliotheque.BibliothequeApplication [main] Running with Spring Boot v2.1.4.RELEASE, Spring v5.1.6.RELEASE
2019-05-22 15:55:19,846 INFO org.bibliotheque.BibliothequeApplication [main] No active profile set, falling back to default profiles: default
2019-05-22 15:55:21,936 INFO org.bibliotheque.BibliothequeApplication [main] Started BibliothequeApplication in 2.367 seconds (JVM running for 3.07)
2019-05-22 15:55:23,996 DEBUG org.bibliotheque.controller.OuvrageController [http-nio-8080-exec-4] Hello from Logback
2019-05-22 15:55:23,996 INFO org.bibliotheque.controller.OuvrageController [http-nio-8080-exec-4] Liste d'ourages : 4
2019-05-22 15:56:09,211 INFO org.bibliotheque.BibliothequeApplication [main] Starting BibliothequeApplication on DESKTOP-O849VJ0 with PID 14532 (started by CELIM in E:\PARCOURS DÉVELOPPEUR D'APPLICATION JAVA\PROJET 7 - DEVELOPPEZ LE NOUVEAU SYSTEME D’INFORMATION DE LA BIBLIOTHEQUE D’UNE GRANDE VILLE\OC-PROJET-7-WEB-SERVICE-BIBLIOTHEQUE\oc-bibliotheque-webapplication)
2019-05-22 15:56:09,213 DEBUG org.bibliotheque.BibliothequeApplication [main] Running with Spring Boot v2.1.4.RELEASE, Spring v5.1.6.RELEASE
2019-05-22 15:56:09,214 INFO org.bibliotheque.BibliothequeApplication [main] No active profile set, falling back to default profiles: default
2019-05-22 15:56:11,439 INFO org.bibliotheque.BibliothequeApplication [main] Started BibliothequeApplication in 2.521 seconds (JVM running for 3.203)
2019-05-22 15:56:15,949 DEBUG org.bibliotheque.controller.OuvrageController [http-nio-8080-exec-4] Hello from Logback
2019-05-22 15:56:15,950 INFO org.bibliotheque.controller.OuvrageController [http-nio-8080-exec-4] Liste d'ourages : 4
2019-05-22 15:56:30,133 DEBUG org.bibliotheque.controller.OuvrageController [http-nio-8080-exec-7] Hello from Logback
2019-05-22 15:56:30,134 INFO org.bibliotheque.controller.OuvrageController [http-nio-8080-exec-7] Liste d'ourages : 4
2019-05-22 15:58:12,227 INFO org.bibliotheque.BibliothequeApplication [main] Starting BibliothequeApplication on DESKTOP-O849VJ0 with PID 14800 (started by CELIM in E:\PARCOURS DÉVELOPPEUR D'APPLICATION JAVA\PROJET 7 - DEVELOPPEZ LE NOUVEAU SYSTEME D’INFORMATION DE LA BIBLIOTHEQUE D’UNE GRANDE VILLE\OC-PROJET-7-WEB-SERVICE-BIBLIOTHEQUE\oc-bibliotheque-webapplication)
2019-05-22 15:58:12,230 DEBUG org.bibliotheque.BibliothequeApplication [main] Running with Spring Boot v2.1.4.RELEASE, Spring v5.1.6.RELEASE
2019-05-22 15:58:12,230 INFO org.bibliotheque.BibliothequeApplication [main] No active profile set, falling back to default profiles: default
2019-05-22 15:58:14,677 INFO org.bibliotheque.BibliothequeApplication [main] Started BibliothequeApplication in 2.756 seconds (JVM running for 3.471)
2019-05-22 15:58:17,146 DEBUG org.bibliotheque.controller.OuvrageController [http-nio-8080-exec-3] Hello from Logback
2019-05-22 15:58:17,147 INFO org.bibliotheque.controller.OuvrageController [http-nio-8080-exec-3] Liste d'ourages : 4
2019-05-22 16:00:06,353 INFO org.bibliotheque.BibliothequeApplication [main] Starting BibliothequeApplication on DESKTOP-O849VJ0 with PID 15240 (started by CELIM in E:\PARCOURS DÉVELOPPEUR D'APPLICATION JAVA\PROJET 7 - DEVELOPPEZ LE NOUVEAU SYSTEME D’INFORMATION DE LA BIBLIOTHEQUE D’UNE GRANDE VILLE\OC-PROJET-7-WEB-SERVICE-BIBLIOTHEQUE\oc-bibliotheque-webapplication)
2019-05-22 16:00:06,356 DEBUG org.bibliotheque.BibliothequeApplication [main] Running with Spring Boot v2.1.4.RELEASE, Spring v5.1.6.RELEASE
2019-05-22 16:00:06,357 INFO org.bibliotheque.BibliothequeApplication [main] No active profile set, falling back to default profiles: default
2019-05-22 16:00:08,686 INFO org.bibliotheque.BibliothequeApplication [main] Started BibliothequeApplication in 2.711 seconds (JVM running for 3.453)
2019-05-22 16:00:12,568 DEBUG org.bibliotheque.controller.OuvrageController [http-nio-8080-exec-7] Hello from Logback
2019-05-22 16:00:12,568 INFO org.bibliotheque.controller.OuvrageController [http-nio-8080-exec-7] Liste d'ourages : 4
2019-05-22 16:00:30,899 INFO org.bibliotheque.BibliothequeApplication [main] Starting BibliothequeApplication on DESKTOP-O849VJ0 with PID 1456 (started by CELIM in E:\PARCOURS DÉVELOPPEUR D'APPLICATION JAVA\PROJET 7 - DEVELOPPEZ LE NOUVEAU SYSTEME D’INFORMATION DE LA BIBLIOTHEQUE D’UNE GRANDE VILLE\OC-PROJET-7-WEB-SERVICE-BIBLIOTHEQUE\oc-bibliotheque-webapplication)
2019-05-22 16:00:30,904 DEBUG org.bibliotheque.BibliothequeApplication [main] Running with Spring Boot v2.1.4.RELEASE, Spring v5.1.6.RELEASE
2019-05-22 16:00:30,905 INFO org.bibliotheque.BibliothequeApplication [main] No active profile set, falling back to default profiles: default
2019-05-22 16:00:33,190 INFO org.bibliotheque.BibliothequeApplication [main] Started BibliothequeApplication in 2.624 seconds (JVM running for 3.353)
2019-05-22 16:00:38,707 DEBUG org.bibliotheque.controller.OuvrageController [http-nio-8080-exec-4] Hello from Logback
2019-05-22 16:00:38,707 INFO org.bibliotheque.controller.OuvrageController [http-nio-8080-exec-4] Liste d'ourages : 4
2019-05-22 16:07:41,013 INFO org.bibliotheque.BibliothequeApplication [main] Starting BibliothequeApplication on DESKTOP-O849VJ0 with PID 11880 (started by CELIM in E:\PARCOURS DÉVELOPPEUR D'APPLICATION JAVA\PROJET 7 - DEVELOPPEZ LE NOUVEAU SYSTEME D’INFORMATION DE LA BIBLIOTHEQUE D’UNE GRANDE VILLE\OC-PROJET-7-WEB-SERVICE-BIBLIOTHEQUE\oc-bibliotheque-webapplication)
2019-05-22 16:07:41,016 DEBUG org.bibliotheque.BibliothequeApplication [main] Running with Spring Boot v2.1.4.RELEASE, Spring v5.1.6.RELEASE
2019-05-22 16:07:41,017 INFO org.bibliotheque.BibliothequeApplication [main] No active profile set, falling back to default profiles: default
2019-05-22 16:07:43,238 INFO org.bibliotheque.BibliothequeApplication [main] Started BibliothequeApplication in 2.559 seconds (JVM running for 3.318)
2019-05-22 16:10:32,628 INFO org.bibliotheque.BibliothequeApplication [main] Starting BibliothequeApplication on DESKTOP-O849VJ0 with PID 13236 (started by CELIM in E:\PARCOURS DÉVELOPPEUR D'APPLICATION JAVA\PROJET 7 - DEVELOPPEZ LE NOUVEAU SYSTEME D’INFORMATION DE LA BIBLIOTHEQUE D’UNE GRANDE VILLE\OC-PROJET-7-WEB-SERVICE-BIBLIOTHEQUE\oc-bibliotheque-webapplication)
2019-05-22 16:10:32,644 DEBUG org.bibliotheque.BibliothequeApplication [main] Running with Spring Boot v2.1.4.RELEASE, Spring v5.1.6.RELEASE
2019-05-22 16:10:32,645 INFO org.bibliotheque.BibliothequeApplication [main] No active profile set, falling back to default profiles: default
2019-05-22 16:10:34,816 INFO org.bibliotheque.BibliothequeApplication [main] Started BibliothequeApplication in 2.52 seconds (JVM running for 3.291)
2019-05-22 16:10:37,031 DEBUG org.bibliotheque.controller.OuvrageController [http-nio-8080-exec-6] Hello from Logback
2019-05-22 16:10:37,031 INFO org.bibliotheque.controller.OuvrageController [http-nio-8080-exec-6] Liste d'ourages : 4
2019-05-22 16:14:07,564 INFO org.bibliotheque.BibliothequeApplication [main] Starting BibliothequeApplication on DESKTOP-O849VJ0 with PID 8588 (started by CELIM in E:\PARCOURS DÉVELOPPEUR D'APPLICATION JAVA\PROJET 7 - DEVELOPPEZ LE NOUVEAU SYSTEME D’INFORMATION DE LA BIBLIOTHEQUE D’UNE GRANDE VILLE\OC-PROJET-7-WEB-SERVICE-BIBLIOTHEQUE\oc-bibliotheque-webapplication)
2019-05-22 16:14:07,575 DEBUG org.bibliotheque.BibliothequeApplication [main] Running with Spring Boot v2.1.4.RELEASE, Spring v5.1.6.RELEASE
2019-05-22 16:14:07,575 INFO org.bibliotheque.BibliothequeApplication [main] No active profile set, falling back to default profiles: default
2019-05-22 16:14:09,900 INFO org.bibliotheque.BibliothequeApplication [main] Started BibliothequeApplication in 2.813 seconds (JVM running for 3.691)
2019-05-22 16:14:15,384 DEBUG org.bibliotheque.controller.OuvrageController [http-nio-8080-exec-3] Hello from Logback
2019-05-22 16:14:15,385 INFO org.bibliotheque.controller.OuvrageController [http-nio-8080-exec-3] Liste d'ourages : 4
2019-05-22 16:14:49,449 INFO org.bibliotheque.BibliothequeApplication [main] Starting BibliothequeApplication on DESKTOP-O849VJ0 with PID 4340 (started by CELIM in E:\PARCOURS DÉVELOPPEUR D'APPLICATION JAVA\PROJET 7 - DEVELOPPEZ LE NOUVEAU SYSTEME D’INFORMATION DE LA BIBLIOTHEQUE D’UNE GRANDE VILLE\OC-PROJET-7-WEB-SERVICE-BIBLIOTHEQUE\oc-bibliotheque-webapplication)
2019-05-22 16:14:49,451 DEBUG org.bibliotheque.BibliothequeApplication [main] Running with Spring Boot v2.1.4.RELEASE, Spring v5.1.6.RELEASE
2019-05-22 16:14:49,452 INFO org.bibliotheque.BibliothequeApplication [main] No active profile set, falling back to default profiles: default
2019-05-22 16:14:51,775 INFO org.bibliotheque.BibliothequeApplication [main] Started BibliothequeApplication in 2.675 seconds (JVM running for 3.376)
2019-05-22 16:14:55,485 DEBUG org.bibliotheque.controller.OuvrageController [http-nio-8080-exec-3] Hello from Logback
2019-05-22 16:14:55,485 INFO org.bibliotheque.controller.OuvrageController [http-nio-8080-exec-3] Liste d'ourages : 4
2019-05-22 16:15:16,191 INFO org.bibliotheque.BibliothequeApplication [main] Starting BibliothequeApplication on DESKTOP-O849VJ0 with PID 1616 (started by CELIM in E:\PARCOURS DÉVELOPPEUR D'APPLICATION JAVA\PROJET 7 - DEVELOPPEZ LE NOUVEAU SYSTEME D’INFORMATION DE LA BIBLIOTHEQUE D’UNE GRANDE VILLE\OC-PROJET-7-WEB-SERVICE-BIBLIOTHEQUE\oc-bibliotheque-webapplication)
2019-05-22 16:15:16,194 DEBUG org.bibliotheque.BibliothequeApplication [main] Running with Spring Boot v2.1.4.RELEASE, Spring v5.1.6.RELEASE
2019-05-22 16:15:16,195 INFO org.bibliotheque.BibliothequeApplication [main] No active profile set, falling back to default profiles: default
2019-05-22 16:15:18,528 INFO org.bibliotheque.BibliothequeApplication [main] Started BibliothequeApplication in 2.638 seconds (JVM running for 3.372)
2019-05-22 16:15:20,569 DEBUG org.bibliotheque.controller.OuvrageController [http-nio-8080-exec-4] Hello from Logback
2019-05-22 16:15:20,569 INFO org.bibliotheque.controller.OuvrageController [http-nio-8080-exec-4] Liste d'ourages : 4
2019-05-22 16:17:14,474 INFO org.bibliotheque.BibliothequeApplication [main] Starting BibliothequeApplication on DESKTOP-O849VJ0 with PID 8828 (started by CELIM in E:\PARCOURS DÉVELOPPEUR D'APPLICATION JAVA\PROJET 7 - DEVELOPPEZ LE NOUVEAU SYSTEME D’INFORMATION DE LA BIBLIOTHEQUE D’UNE GRANDE VILLE\OC-PROJET-7-WEB-SERVICE-BIBLIOTHEQUE\oc-bibliotheque-webapplication)
2019-05-22 16:17:14,477 DEBUG org.bibliotheque.BibliothequeApplication [main] Running with Spring Boot v2.1.4.RELEASE, Spring v5.1.6.RELEASE
2019-05-22 16:17:14,477 INFO org.bibliotheque.BibliothequeApplication [main] No active profile set, falling back to default profiles: default
2019-05-22 16:17:16,819 INFO org.bibliotheque.BibliothequeApplication [main] Started BibliothequeApplication in 2.769 seconds (JVM running for 3.672)
2019-05-22 16:17:42,702 INFO org.bibliotheque.BibliothequeApplication [main] Starting BibliothequeApplication on DESKTOP-O849VJ0 with PID 7808 (started by CELIM in E:\PARCOURS DÉVELOPPEUR D'APPLICATION JAVA\PROJET 7 - DEVELOPPEZ LE NOUVEAU SYSTEME D’INFORMATION DE LA BIBLIOTHEQUE D’UNE GRANDE VILLE\OC-PROJET-7-WEB-SERVICE-BIBLIOTHEQUE\oc-bibliotheque-webapplication)
2019-05-22 16:17:42,708 DEBUG org.bibliotheque.BibliothequeApplication [main] Running with Spring Boot v2.1.4.RELEASE, Spring v5.1.6.RELEASE
2019-05-22 16:17:42,708 INFO org.bibliotheque.BibliothequeApplication [main] No active profile set, falling back to default profiles: default
2019-05-22 16:17:45,052 INFO org.bibliotheque.BibliothequeApplication [main] Started BibliothequeApplication in 2.709 seconds (JVM running for 3.49)
2019-05-22 16:17:47,460 DEBUG org.bibliotheque.controller.OuvrageController [http-nio-8080-exec-5] Hello from Logback
2019-05-22 16:17:47,461 INFO org.bibliotheque.controller.OuvrageController [http-nio-8080-exec-5] Liste d'ourages : 4
2019-05-22 16:18:08,237 INFO org.bibliotheque.BibliothequeApplication [main] Starting BibliothequeApplication on DESKTOP-O849VJ0 with PID 8256 (started by CELIM in E:\PARCOURS DÉVELOPPEUR D'APPLICATION JAVA\PROJET 7 - DEVELOPPEZ LE NOUVEAU SYSTEME D’INFORMATION DE LA BIBLIOTHEQUE D’UNE GRANDE VILLE\OC-PROJET-7-WEB-SERVICE-BIBLIOTHEQUE\oc-bibliotheque-webapplication)
2019-05-22 16:18:08,240 DEBUG org.bibliotheque.BibliothequeApplication [main] Running with Spring Boot v2.1.4.RELEASE, Spring v5.1.6.RELEASE
2019-05-22 16:18:08,241 INFO org.bibliotheque.BibliothequeApplication [main] No active profile set, falling back to default profiles: default
2019-05-22 16:18:10,491 INFO org.bibliotheque.BibliothequeApplication [main] Started BibliothequeApplication in 2.548 seconds (JVM running for 3.26)
2019-05-22 16:18:14,748 DEBUG org.bibliotheque.controller.OuvrageController [http-nio-8080-exec-4] Hello from Logback
2019-05-22 16:18:14,748 INFO org.bibliotheque.controller.OuvrageController [http-nio-8080-exec-4] Liste d'ourages : 4
2019-05-22 16:18:40,865 INFO org.bibliotheque.BibliothequeApplication [main] Starting BibliothequeApplication on DESKTOP-O849VJ0 with PID 9168 (started by CELIM in E:\PARCOURS DÉVELOPPEUR D'APPLICATION JAVA\PROJET 7 - DEVELOPPEZ LE NOUVEAU SYSTEME D’INFORMATION DE LA BIBLIOTHEQUE D’UNE GRANDE VILLE\OC-PROJET-7-WEB-SERVICE-BIBLIOTHEQUE\oc-bibliotheque-webapplication)
2019-05-22 16:18:40,868 DEBUG org.bibliotheque.BibliothequeApplication [main] Running with Spring Boot v2.1.4.RELEASE, Spring v5.1.6.RELEASE
2019-05-22 16:18:40,868 INFO org.bibliotheque.BibliothequeApplication [main] No active profile set, falling back to default profiles: default
2019-05-22 16:18:43,091 INFO org.bibliotheque.BibliothequeApplication [main] Started BibliothequeApplication in 2.591 seconds (JVM running for 3.307)
2019-05-22 16:18:50,889 DEBUG org.bibliotheque.controller.OuvrageController [http-nio-8080-exec-4] Hello from Logback
2019-05-22 16:18:50,890 INFO org.bibliotheque.controller.OuvrageController [http-nio-8080-exec-4] Liste d'ourages : 4
2019-05-22 16:19:21,735 INFO org.bibliotheque.BibliothequeApplication [main] Starting BibliothequeApplication on DESKTOP-O849VJ0 with PID 6876 (started by CELIM in E:\PARCOURS DÉVELOPPEUR D'APPLICATION JAVA\PROJET 7 - DEVELOPPEZ LE NOUVEAU SYSTEME D’INFORMATION DE LA BIBLIOTHEQUE D’UNE GRANDE VILLE\OC-PROJET-7-WEB-SERVICE-BIBLIOTHEQUE\oc-bibliotheque-webapplication)
2019-05-22 16:19:21,746 DEBUG org.bibliotheque.BibliothequeApplication [main] Running with Spring Boot v2.1.4.RELEASE, Spring v5.1.6.RELEASE
2019-05-22 16:19:21,747 INFO org.bibliotheque.BibliothequeApplication [main] No active profile set, falling back to default profiles: default
2019-05-22 16:19:24,105 INFO org.bibliotheque.BibliothequeApplication [main] Started BibliothequeApplication in 2.696 seconds (JVM running for 3.46)
2019-05-22 16:19:28,718 DEBUG org.bibliotheque.controller.OuvrageController [http-nio-8080-exec-2] Hello from Logback
2019-05-22 16:19:28,718 INFO org.bibliotheque.controller.OuvrageController [http-nio-8080-exec-2] Liste d'ourages : 4
2019-05-22 16:19:56,738 INFO org.bibliotheque.BibliothequeApplication [main] Starting BibliothequeApplication on DESKTOP-O849VJ0 with PID 8256 (started by CELIM in E:\PARCOURS DÉVELOPPEUR D'APPLICATION JAVA\PROJET 7 - DEVELOPPEZ LE NOUVEAU SYSTEME D’INFORMATION DE LA BIBLIOTHEQUE D’UNE GRANDE VILLE\OC-PROJET-7-WEB-SERVICE-BIBLIOTHEQUE\oc-bibliotheque-webapplication)
2019-05-22 16:19:56,741 DEBUG org.bibliotheque.BibliothequeApplication [main] Running with Spring Boot v2.1.4.RELEASE, Spring v5.1.6.RELEASE
2019-05-22 16:19:56,741 INFO org.bibliotheque.BibliothequeApplication [main] No active profile set, falling back to default profiles: default
2019-05-22 16:19:58,957 INFO org.bibliotheque.BibliothequeApplication [main] Started BibliothequeApplication in 2.574 seconds (JVM running for 3.341)
2019-05-22 16:20:02,665 DEBUG org.bibliotheque.controller.OuvrageController [http-nio-8080-exec-4] Hello from Logback
2019-05-22 16:20:02,665 INFO org.bibliotheque.controller.OuvrageController [http-nio-8080-exec-4] Liste d'ourages : 4
2019-05-22 16:20:57,266 INFO org.bibliotheque.BibliothequeApplication [main] Starting BibliothequeApplication on DESKTOP-O849VJ0 with PID 15300 (started by CELIM in E:\PARCOURS DÉVELOPPEUR D'APPLICATION JAVA\PROJET 7 - DEVELOPPEZ LE NOUVEAU SYSTEME D’INFORMATION DE LA BIBLIOTHEQUE D’UNE GRANDE VILLE\OC-PROJET-7-WEB-SERVICE-BIBLIOTHEQUE\oc-bibliotheque-webapplication)
2019-05-22 16:20:57,271 DEBUG org.bibliotheque.BibliothequeApplication [main] Running with Spring Boot v2.1.4.RELEASE, Spring v5.1.6.RELEASE
2019-05-22 16:20:57,272 INFO org.bibliotheque.BibliothequeApplication [main] No active profile set, falling back to default profiles: default
2019-05-22 16:20:59,603 INFO org.bibliotheque.BibliothequeApplication [main] Started BibliothequeApplication in 2.649 seconds (JVM running for 3.426)
2019-05-22 16:21:01,669 DEBUG org.bibliotheque.controller.OuvrageController [http-nio-8080-exec-4] Hello from Logback
2019-05-22 16:21:01,670 INFO org.bibliotheque.controller.OuvrageController [http-nio-8080-exec-4] Liste d'ourages : 4
2019-05-22 16:21:31,694 INFO org.bibliotheque.BibliothequeApplication [main] Starting BibliothequeApplication on DESKTOP-O849VJ0 with PID 13968 (started by CELIM in E:\PARCOURS DÉVELOPPEUR D'APPLICATION JAVA\PROJET 7 - DEVELOPPEZ LE NOUVEAU SYSTEME D’INFORMATION DE LA BIBLIOTHEQUE D’UNE GRANDE VILLE\OC-PROJET-7-WEB-SERVICE-BIBLIOTHEQUE\oc-bibliotheque-webapplication)
2019-05-22 16:21:31,698 DEBUG org.bibliotheque.BibliothequeApplication [main] Running with Spring Boot v2.1.4.RELEASE, Spring v5.1.6.RELEASE
2019-05-22 16:21:31,698 INFO org.bibliotheque.BibliothequeApplication [main] No active profile set, falling back to default profiles: default
2019-05-22 16:21:33,964 INFO org.bibliotheque.BibliothequeApplication [main] Started BibliothequeApplication in 2.619 seconds (JVM running for 3.341)
2019-05-22 16:22:23,769 INFO org.bibliotheque.BibliothequeApplication [main] Starting BibliothequeApplication on DESKTOP-O849VJ0 with PID 10260 (started by CELIM in E:\PARCOURS DÉVELOPPEUR D'APPLICATION JAVA\PROJET 7 - DEVELOPPEZ LE NOUVEAU SYSTEME D’INFORMATION DE LA BIBLIOTHEQUE D’UNE GRANDE VILLE\OC-PROJET-7-WEB-SERVICE-BIBLIOTHEQUE\oc-bibliotheque-webapplication)
2019-05-22 16:22:23,772 DEBUG org.bibliotheque.BibliothequeApplication [main] Running with Spring Boot v2.1.4.RELEASE, Spring v5.1.6.RELEASE
2019-05-22 16:22:23,773 INFO org.bibliotheque.BibliothequeApplication [main] No active profile set, falling back to default profiles: default
2019-05-22 16:22:26,132 INFO org.bibliotheque.BibliothequeApplication [main] Started BibliothequeApplication in 2.701 seconds (JVM running for 3.491)
2019-05-22 16:22:38,125 DEBUG org.bibliotheque.controller.OuvrageController [http-nio-8080-exec-4] Hello from Logback
2019-05-22 16:22:38,125 INFO org.bibliotheque.controller.OuvrageController [http-nio-8080-exec-4] Liste d'ourages : 4
2019-05-22 16:23:17,322 INFO org.bibliotheque.BibliothequeApplication [main] Starting BibliothequeApplication on DESKTOP-O849VJ0 with PID 4744 (started by CELIM in E:\PARCOURS DÉVELOPPEUR D'APPLICATION JAVA\PROJET 7 - DEVELOPPEZ LE NOUVEAU SYSTEME D’INFORMATION DE LA BIBLIOTHEQUE D’UNE GRANDE VILLE\OC-PROJET-7-WEB-SERVICE-BIBLIOTHEQUE\oc-bibliotheque-webapplication)
2019-05-22 16:23:17,330 DEBUG org.bibliotheque.BibliothequeApplication [main] Running with Spring Boot v2.1.4.RELEASE, Spring v5.1.6.RELEASE
2019-05-22 16:23:17,330 INFO org.bibliotheque.BibliothequeApplication [main] No active profile set, falling back to default profiles: default
2019-05-22 16:23:19,479 INFO org.bibliotheque.BibliothequeApplication [main] Started BibliothequeApplication in 2.521 seconds (JVM running for 3.317)
2019-05-22 16:23:28,860 DEBUG org.bibliotheque.controller.OuvrageController [http-nio-8080-exec-4] Hello from Logback
2019-05-22 16:23:28,860 INFO org.bibliotheque.controller.OuvrageController [http-nio-8080-exec-4] Liste d'ourages : 4
2019-05-22 16:23:39,794 INFO org.bibliotheque.BibliothequeApplication [main] Starting BibliothequeApplication on DESKTOP-O849VJ0 with PID 14852 (started by CELIM in E:\PARCOURS DÉVELOPPEUR D'APPLICATION JAVA\PROJET 7 - DEVELOPPEZ LE NOUVEAU SYSTEME D’INFORMATION DE LA BIBLIOTHEQUE D’UNE GRANDE VILLE\OC-PROJET-7-WEB-SERVICE-BIBLIOTHEQUE\oc-bibliotheque-webapplication)
2019-05-22 16:23:39,796 DEBUG org.bibliotheque.BibliothequeApplication [main] Running with Spring Boot v2.1.4.RELEASE, Spring v5.1.6.RELEASE
2019-05-22 16:23:39,797 INFO org.bibliotheque.BibliothequeApplication [main] No active profile set, falling back to default profiles: default
2019-05-22 16:23:42,150 INFO org.bibliotheque.BibliothequeApplication [main] Started BibliothequeApplication in 2.738 seconds (JVM running for 3.524)
2019-05-22 16:24:03,128 INFO org.bibliotheque.BibliothequeApplication [main] Starting BibliothequeApplication on DESKTOP-O849VJ0 with PID 10844 (started by CELIM in E:\PARCOURS DÉVELOPPEUR D'APPLICATION JAVA\PROJET 7 - DEVELOPPEZ LE NOUVEAU SYSTEME D’INFORMATION DE LA BIBLIOTHEQUE D’UNE GRANDE VILLE\OC-PROJET-7-WEB-SERVICE-BIBLIOTHEQUE\oc-bibliotheque-webapplication)
2019-05-22 16:24:03,132 DEBUG org.bibliotheque.BibliothequeApplication [main] Running with Spring Boot v2.1.4.RELEASE, Spring v5.1.6.RELEASE
2019-05-22 16:24:03,132 INFO org.bibliotheque.BibliothequeApplication [main] No active profile set, falling back to default profiles: default
2019-05-22 16:24:05,513 INFO org.bibliotheque.BibliothequeApplication [main] Started BibliothequeApplication in 2.763 seconds (JVM running for 3.502)
2019-05-22 16:24:12,183 DEBUG org.bibliotheque.controller.OuvrageController [http-nio-8080-exec-1] Hello from Logback
2019-05-22 16:24:12,183 INFO org.bibliotheque.controller.OuvrageController [http-nio-8080-exec-1] Liste d'ourages : 4
2019-05-22 16:24:45,273 INFO org.bibliotheque.BibliothequeApplication [main] Starting BibliothequeApplication on DESKTOP-O849VJ0 with PID 5220 (started by CELIM in E:\PARCOURS DÉVELOPPEUR D'APPLICATION JAVA\PROJET 7 - DEVELOPPEZ LE NOUVEAU SYSTEME D’INFORMATION DE LA BIBLIOTHEQUE D’UNE GRANDE VILLE\OC-PROJET-7-WEB-SERVICE-BIBLIOTHEQUE\oc-bibliotheque-webapplication)
2019-05-22 16:24:45,276 DEBUG org.bibliotheque.BibliothequeApplication [main] Running with Spring Boot v2.1.4.RELEASE, Spring v5.1.6.RELEASE
2019-05-22 16:24:45,276 INFO org.bibliotheque.BibliothequeApplication [main] No active profile set, falling back to default profiles: default
2019-05-22 16:24:47,478 INFO org.bibliotheque.BibliothequeApplication [main] Started BibliothequeApplication in 2.577 seconds (JVM running for 3.335)
2019-05-22 16:24:50,519 DEBUG org.bibliotheque.controller.OuvrageController [http-nio-8080-exec-6] Hello from Logback
2019-05-22 16:24:50,519 INFO org.bibliotheque.controller.OuvrageController [http-nio-8080-exec-6] Liste d'ourages : 4
2019-05-22 16:25:00,978 INFO org.bibliotheque.BibliothequeApplication [main] Starting BibliothequeApplication on DESKTOP-O849VJ0 with PID 1708 (started by CELIM in E:\PARCOURS DÉVELOPPEUR D'APPLICATION JAVA\PROJET 7 - DEVELOPPEZ LE NOUVEAU SYSTEME D’INFORMATION DE LA BIBLIOTHEQUE D’UNE GRANDE VILLE\OC-PROJET-7-WEB-SERVICE-BIBLIOTHEQUE\oc-bibliotheque-webapplication)
2019-05-22 16:25:00,982 DEBUG org.bibliotheque.BibliothequeApplication [main] Running with Spring Boot v2.1.4.RELEASE, Spring v5.1.6.RELEASE
2019-05-22 16:25:00,982 INFO org.bibliotheque.BibliothequeApplication [main] No active profile set, falling back to default profiles: default
2019-05-22 16:25:03,286 INFO org.bibliotheque.BibliothequeApplication [main] Started BibliothequeApplication in 2.687 seconds (JVM running for 3.413)
2019-05-22 16:25:06,055 DEBUG org.bibliotheque.controller.OuvrageController [http-nio-8080-exec-4] Hello from Logback
2019-05-22 16:25:06,055 INFO org.bibliotheque.controller.OuvrageController [http-nio-8080-exec-4] Liste d'ourages : 4
2019-05-22 16:25:17,264 INFO org.bibliotheque.BibliothequeApplication [main] Starting BibliothequeApplication on DESKTOP-O849VJ0 with PID 952 (started by CELIM in E:\PARCOURS DÉVELOPPEUR D'APPLICATION JAVA\PROJET 7 - DEVELOPPEZ LE NOUVEAU SYSTEME D’INFORMATION DE LA BIBLIOTHEQUE D’UNE GRANDE VILLE\OC-PROJET-7-WEB-SERVICE-BIBLIOTHEQUE\oc-bibliotheque-webapplication)
2019-05-22 16:25:17,267 DEBUG org.bibliotheque.BibliothequeApplication [main] Running with Spring Boot v2.1.4.RELEASE, Spring v5.1.6.RELEASE
2019-05-22 16:25:17,267 INFO org.bibliotheque.BibliothequeApplication [main] No active profile set, falling back to default profiles: default
2019-05-22 16:25:19,415 INFO org.bibliotheque.BibliothequeApplication [main] Started BibliothequeApplication in 2.504 seconds (JVM running for 3.252)
2019-05-22 16:25:20,519 DEBUG org.bibliotheque.controller.OuvrageController [http-nio-8080-exec-1] Hello from Logback
2019-05-22 16:25:20,519 INFO org.bibliotheque.controller.OuvrageController [http-nio-8080-exec-1] Liste d'ourages : 4
2019-05-22 16:25:44,238 INFO org.bibliotheque.BibliothequeApplication [main] Starting BibliothequeApplication on DESKTOP-O849VJ0 with PID 8176 (started by CELIM in E:\PARCOURS DÉVELOPPEUR D'APPLICATION JAVA\PROJET 7 - DEVELOPPEZ LE NOUVEAU SYSTEME D’INFORMATION DE LA BIBLIOTHEQUE D’UNE GRANDE VILLE\OC-PROJET-7-WEB-SERVICE-BIBLIOTHEQUE\oc-bibliotheque-webapplication)
2019-05-22 16:25:44,241 DEBUG org.bibliotheque.BibliothequeApplication [main] Running with Spring Boot v2.1.4.RELEASE, Spring v5.1.6.RELEASE
2019-05-22 16:25:44,242 INFO org.bibliotheque.BibliothequeApplication [main] No active profile set, falling back to default profiles: default
2019-05-22 16:25:46,650 INFO org.bibliotheque.BibliothequeApplication [main] Started BibliothequeApplication in 2.81 seconds (JVM running for 3.527)
2019-05-22 16:25:47,053 DEBUG org.bibliotheque.controller.OuvrageController [http-nio-8080-exec-1] Hello from Logback
2019-05-22 16:25:47,053 INFO org.bibliotheque.controller.OuvrageController [http-nio-8080-exec-1] Liste d'ourages : 4
2019-05-22 16:26:11,705 INFO org.bibliotheque.BibliothequeApplication [main] Starting BibliothequeApplication on DESKTOP-O849VJ0 with PID 3416 (started by CELIM in E:\PARCOURS DÉVELOPPEUR D'APPLICATION JAVA\PROJET 7 - DEVELOPPEZ LE NOUVEAU SYSTEME D’INFORMATION DE LA BIBLIOTHEQUE D’UNE GRANDE VILLE\OC-PROJET-7-WEB-SERVICE-BIBLIOTHEQUE\oc-bibliotheque-webapplication)
2019-05-22 16:26:11,710 DEBUG org.bibliotheque.BibliothequeApplication [main] Running with Spring Boot v2.1.4.RELEASE, Spring v5.1.6.RELEASE
2019-05-22 16:26:11,711 INFO org.bibliotheque.BibliothequeApplication [main] No active profile set, falling back to default profiles: default
2019-05-22 16:26:14,071 INFO org.bibliotheque.BibliothequeApplication [main] Started BibliothequeApplication in 2.664 seconds (JVM running for 3.397)
2019-05-22 16:26:16,762 DEBUG org.bibliotheque.controller.OuvrageController [http-nio-8080-exec-3] Hello from Logback
2019-05-22 16:26:16,762 INFO org.bibliotheque.controller.OuvrageController [http-nio-8080-exec-3] Liste d'ourages : 4
2019-05-22 16:26:34,509 INFO org.bibliotheque.BibliothequeApplication [main] Starting BibliothequeApplication on DESKTOP-O849VJ0 with PID 10744 (started by CELIM in E:\PARCOURS DÉVELOPPEUR D'APPLICATION JAVA\PROJET 7 - DEVELOPPEZ LE NOUVEAU SYSTEME D’INFORMATION DE LA BIBLIOTHEQUE D’UNE GRANDE VILLE\OC-PROJET-7-WEB-SERVICE-BIBLIOTHEQUE\oc-bibliotheque-webapplication)
2019-05-22 16:26:34,512 DEBUG org.bibliotheque.BibliothequeApplication [main] Running with Spring Boot v2.1.4.RELEASE, Spring v5.1.6.RELEASE
2019-05-22 16:26:34,513 INFO org.bibliotheque.BibliothequeApplication [main] No active profile set, falling back to default profiles: default
2019-05-22 16:26:36,854 INFO org.bibliotheque.BibliothequeApplication [main] Started BibliothequeApplication in 2.692 seconds (JVM running for 3.452)
2019-05-22 16:26:38,800 DEBUG org.bibliotheque.controller.OuvrageController [http-nio-8080-exec-4] Hello from Logback
2019-05-22 16:26:38,800 INFO org.bibliotheque.controller.OuvrageController [http-nio-8080-exec-4] Liste d'ourages : 4
2019-05-22 16:27:40,609 INFO org.bibliotheque.BibliothequeApplication [main] Starting BibliothequeApplication on DESKTOP-O849VJ0 with PID 888 (started by CELIM in E:\PARCOURS DÉVELOPPEUR D'APPLICATION JAVA\PROJET 7 - DEVELOPPEZ LE NOUVEAU SYSTEME D’INFORMATION DE LA BIBLIOTHEQUE D’UNE GRANDE VILLE\OC-PROJET-7-WEB-SERVICE-BIBLIOTHEQUE\oc-bibliotheque-webapplication)
2019-05-22 16:27:40,612 DEBUG org.bibliotheque.BibliothequeApplication [main] Running with Spring Boot v2.1.4.RELEASE, Spring v5.1.6.RELEASE
2019-05-22 16:27:40,613 INFO org.bibliotheque.BibliothequeApplication [main] No active profile set, falling back to default profiles: default
2019-05-22 16:27:43,386 INFO org.bibliotheque.BibliothequeApplication [main] Started BibliothequeApplication in 3.176 seconds (JVM running for 3.989)
2019-05-22 16:27:45,315 DEBUG org.bibliotheque.controller.OuvrageController [http-nio-8080-exec-5] Hello from Logback
2019-05-22 16:27:45,316 INFO org.bibliotheque.controller.OuvrageController [http-nio-8080-exec-5] Liste d'ourages : 4
2019-05-22 16:28:28,385 INFO org.bibliotheque.BibliothequeApplication [main] Starting BibliothequeApplication on DESKTOP-O849VJ0 with PID 14716 (started by CELIM in E:\PARCOURS DÉVELOPPEUR D'APPLICATION JAVA\PROJET 7 - DEVELOPPEZ LE NOUVEAU SYSTEME D’INFORMATION DE LA BIBLIOTHEQUE D’UNE GRANDE VILLE\OC-PROJET-7-WEB-SERVICE-BIBLIOTHEQUE\oc-bibliotheque-webapplication)
2019-05-22 16:28:28,389 DEBUG org.bibliotheque.BibliothequeApplication [main] Running with Spring Boot v2.1.4.RELEASE, Spring v5.1.6.RELEASE
2019-05-22 16:28:28,389 INFO org.bibliotheque.BibliothequeApplication [main] No active profile set, falling back to default profiles: default
2019-05-22 16:28:30,758 INFO org.bibliotheque.BibliothequeApplication [main] Started BibliothequeApplication in 2.7 seconds (JVM running for 3.431)
2019-05-22 16:28:32,899 DEBUG org.bibliotheque.controller.OuvrageController [http-nio-8080-exec-4] Hello from Logback
2019-05-22 16:28:32,899 INFO org.bibliotheque.controller.OuvrageController [http-nio-8080-exec-4] Liste d'ourages : 4
2019-05-22 16:29:42,315 INFO org.bibliotheque.BibliothequeApplication [main] Starting BibliothequeApplication on DESKTOP-O849VJ0 with PID 11476 (started by CELIM in E:\PARCOURS DÉVELOPPEUR D'APPLICATION JAVA\PROJET 7 - DEVELOPPEZ LE NOUVEAU SYSTEME D’INFORMATION DE LA BIBLIOTHEQUE D’UNE GRANDE VILLE\OC-PROJET-7-WEB-SERVICE-BIBLIOTHEQUE\oc-bibliotheque-webapplication)
2019-05-22 16:29:42,318 DEBUG org.bibliotheque.BibliothequeApplication [main] Running with Spring Boot v2.1.4.RELEASE, Spring v5.1.6.RELEASE
2019-05-22 16:29:42,319 INFO org.bibliotheque.BibliothequeApplication [main] No active profile set, falling back to default profiles: default
2019-05-22 16:29:44,702 INFO org.bibliotheque.BibliothequeApplication [main] Started BibliothequeApplication in 2.725 seconds (JVM running for 3.496)
2019-05-22 16:29:48,497 DEBUG org.bibliotheque.controller.OuvrageController [http-nio-8080-exec-4] Hello from Logback
2019-05-22 16:29:48,498 INFO org.bibliotheque.controller.OuvrageController [http-nio-8080-exec-4] Liste d'ourages : 4
2019-05-22 16:30:12,063 INFO org.bibliotheque.BibliothequeApplication [main] Starting BibliothequeApplication on DESKTOP-O849VJ0 with PID 15308 (started by CELIM in E:\PARCOURS DÉVELOPPEUR D'APPLICATION JAVA\PROJET 7 - DEVELOPPEZ LE NOUVEAU SYSTEME D’INFORMATION DE LA BIBLIOTHEQUE D’UNE GRANDE VILLE\OC-PROJET-7-WEB-SERVICE-BIBLIOTHEQUE\oc-bibliotheque-webapplication)
2019-05-22 16:30:12,066 DEBUG org.bibliotheque.BibliothequeApplication [main] Running with Spring Boot v2.1.4.RELEASE, Spring v5.1.6.RELEASE
2019-05-22 16:30:12,067 INFO org.bibliotheque.BibliothequeApplication [main] No active profile set, falling back to default profiles: default
2019-05-22 16:30:14,726 INFO org.bibliotheque.BibliothequeApplication [main] Started BibliothequeApplication in 2.988 seconds (JVM running for 3.711)
2019-05-22 16:30:20,391 DEBUG org.bibliotheque.controller.OuvrageController [http-nio-8080-exec-4] Hello from Logback
2019-05-22 16:30:20,391 INFO org.bibliotheque.controller.OuvrageController [http-nio-8080-exec-4] Liste d'ourages : 4
2019-05-22 16:31:12,621 INFO org.bibliotheque.BibliothequeApplication [main] Starting BibliothequeApplication on DESKTOP-O849VJ0 with PID 2408 (started by CELIM in E:\PARCOURS DÉVELOPPEUR D'APPLICATION JAVA\PROJET 7 - DEVELOPPEZ LE NOUVEAU SYSTEME D’INFORMATION DE LA BIBLIOTHEQUE D’UNE GRANDE VILLE\OC-PROJET-7-WEB-SERVICE-BIBLIOTHEQUE\oc-bibliotheque-webapplication)
2019-05-22 16:31:12,625 DEBUG org.bibliotheque.BibliothequeApplication [main] Running with Spring Boot v2.1.4.RELEASE, Spring v5.1.6.RELEASE
2019-05-22 16:31:12,626 INFO org.bibliotheque.BibliothequeApplication [main] No active profile set, falling back to default profiles: default
2019-05-22 16:31:14,917 INFO org.bibliotheque.BibliothequeApplication [main] Started BibliothequeApplication in 2.706 seconds (JVM running for 3.468)
2019-05-22 16:31:17,185 DEBUG org.bibliotheque.controller.OuvrageController [http-nio-8080-exec-4] Hello from Logback
2019-05-22 16:31:17,185 INFO org.bibliotheque.controller.OuvrageController [http-nio-8080-exec-4] Liste d'ourages : 4
2019-05-22 16:31:20,749 DEBUG org.bibliotheque.controller.OuvrageController [http-nio-8080-exec-7] Hello from Logback
2019-05-22 16:31:20,749 INFO org.bibliotheque.controller.OuvrageController [http-nio-8080-exec-7] Liste d'ourages : 4
2019-05-22 16:31:39,412 INFO org.bibliotheque.BibliothequeApplication [main] Starting BibliothequeApplication on DESKTOP-O849VJ0 with PID 2712 (started by CELIM in E:\PARCOURS DÉVELOPPEUR D'APPLICATION JAVA\PROJET 7 - DEVELOPPEZ LE NOUVEAU SYSTEME D’INFORMATION DE LA BIBLIOTHEQUE D’UNE GRANDE VILLE\OC-PROJET-7-WEB-SERVICE-BIBLIOTHEQUE\oc-bibliotheque-webapplication)
2019-05-22 16:31:39,415 DEBUG org.bibliotheque.BibliothequeApplication [main] Running with Spring Boot v2.1.4.RELEASE, Spring v5.1.6.RELEASE
2019-05-22 16:31:39,416 INFO org.bibliotheque.BibliothequeApplication [main] No active profile set, falling back to default profiles: default
2019-05-22 16:31:41,638 INFO org.bibliotheque.BibliothequeApplication [main] Started BibliothequeApplication in 2.521 seconds (JVM running for 3.248)
2019-05-22 16:31:44,470 DEBUG org.bibliotheque.controller.OuvrageController [http-nio-8080-exec-3] Hello from Logback
2019-05-22 16:31:44,470 INFO org.bibliotheque.controller.OuvrageController [http-nio-8080-exec-3] Liste d'ourages : 4
2019-05-22 16:32:06,750 INFO org.bibliotheque.BibliothequeApplication [main] Starting BibliothequeApplication on DESKTOP-O849VJ0 with PID 5432 (started by CELIM in E:\PARCOURS DÉVELOPPEUR D'APPLICATION JAVA\PROJET 7 - DEVELOPPEZ LE NOUVEAU SYSTEME D’INFORMATION DE LA BIBLIOTHEQUE D’UNE GRANDE VILLE\OC-PROJET-7-WEB-SERVICE-BIBLIOTHEQUE\oc-bibliotheque-webapplication)
2019-05-22 16:32:06,753 DEBUG org.bibliotheque.BibliothequeApplication [main] Running with Spring Boot v2.1.4.RELEASE, Spring v5.1.6.RELEASE
2019-05-22 16:32:06,754 INFO org.bibliotheque.BibliothequeApplication [main] No active profile set, falling back to default profiles: default
2019-05-22 16:32:09,143 INFO org.bibliotheque.BibliothequeApplication [main] Started BibliothequeApplication in 2.796 seconds (JVM running for 3.6)
2019-05-22 16:32:11,794 DEBUG org.bibliotheque.controller.OuvrageController [http-nio-8080-exec-4] Hello from Logback
2019-05-22 16:32:11,794 INFO org.bibliotheque.controller.OuvrageController [http-nio-8080-exec-4] Liste d'ourages : 4
2019-05-22 16:33:15,684 INFO org.bibliotheque.BibliothequeApplication [main] Starting BibliothequeApplication on DESKTOP-O849VJ0 with PID 456 (started by CELIM in E:\PARCOURS DÉVELOPPEUR D'APPLICATION JAVA\PROJET 7 - DEVELOPPEZ LE NOUVEAU SYSTEME D’INFORMATION DE LA BIBLIOTHEQUE D’UNE GRANDE VILLE\OC-PROJET-7-WEB-SERVICE-BIBLIOTHEQUE\oc-bibliotheque-webapplication)
2019-05-22 16:33:15,688 DEBUG org.bibliotheque.BibliothequeApplication [main] Running with Spring Boot v2.1.4.RELEASE, Spring v5.1.6.RELEASE
2019-05-22 16:33:15,689 INFO org.bibliotheque.BibliothequeApplication [main] No active profile set, falling back to default profiles: default
2019-05-22 16:33:17,954 INFO org.bibliotheque.BibliothequeApplication [main] Started BibliothequeApplication in 2.605 seconds (JVM running for 3.384)
2019-05-22 16:33:22,515 DEBUG org.bibliotheque.controller.OuvrageController [http-nio-8080-exec-4] Hello from Logback
2019-05-22 16:33:22,515 INFO org.bibliotheque.controller.OuvrageController [http-nio-8080-exec-4] Liste d'ourages : 4
2019-05-22 16:33:39,885 INFO org.bibliotheque.BibliothequeApplication [main] Starting BibliothequeApplication on DESKTOP-O849VJ0 with PID 2624 (started by CELIM in E:\PARCOURS DÉVELOPPEUR D'APPLICATION JAVA\PROJET 7 - DEVELOPPEZ LE NOUVEAU SYSTEME D’INFORMATION DE LA BIBLIOTHEQUE D’UNE GRANDE VILLE\OC-PROJET-7-WEB-SERVICE-BIBLIOTHEQUE\oc-bibliotheque-webapplication)
2019-05-22 16:33:39,889 DEBUG org.bibliotheque.BibliothequeApplication [main] Running with Spring Boot v2.1.4.RELEASE, Spring v5.1.6.RELEASE
2019-05-22 16:33:39,890 INFO org.bibliotheque.BibliothequeApplication [main] No active profile set, falling back to default profiles: default
2019-05-22 16:33:42,078 INFO org.bibliotheque.BibliothequeApplication [main] Started BibliothequeApplication in 2.523 seconds (JVM running for 3.247)
2019-05-22 16:33:45,797 DEBUG org.bibliotheque.controller.OuvrageController [http-nio-8080-exec-4] Hello from Logback
2019-05-22 16:33:45,797 INFO org.bibliotheque.controller.OuvrageController [http-nio-8080-exec-4] Liste d'ourages : 4
2019-05-22 16:35:06,179 DEBUG org.bibliotheque.controller.OuvrageController [http-nio-8080-exec-3] Hello from Logback
2019-05-22 16:35:06,179 INFO org.bibliotheque.controller.OuvrageController [http-nio-8080-exec-3] Liste d'ourages : 4
2019-05-22 16:36:43,055 INFO org.bibliotheque.BibliothequeApplication [main] Starting BibliothequeApplication on DESKTOP-O849VJ0 with PID 11324 (started by CELIM in E:\PARCOURS DÉVELOPPEUR D'APPLICATION JAVA\PROJET 7 - DEVELOPPEZ LE NOUVEAU SYSTEME D’INFORMATION DE LA BIBLIOTHEQUE D’UNE GRANDE VILLE\OC-PROJET-7-WEB-SERVICE-BIBLIOTHEQUE\oc-bibliotheque-webapplication)
2019-05-22 16:36:43,058 DEBUG org.bibliotheque.BibliothequeApplication [main] Running with Spring Boot v2.1.4.RELEASE, Spring v5.1.6.RELEASE
2019-05-22 16:36:43,061 INFO org.bibliotheque.BibliothequeApplication [main] No active profile set, falling back to default profiles: default
2019-05-22 16:36:45,389 INFO org.bibliotheque.BibliothequeApplication [main] Started BibliothequeApplication in 2.647 seconds (JVM running for 3.398)
2019-05-22 16:36:48,725 DEBUG org.bibliotheque.controller.OuvrageController [http-nio-8080-exec-4] Hello from Logback
2019-05-22 16:36:48,725 INFO org.bibliotheque.controller.OuvrageController [http-nio-8080-exec-4] Liste d'ourages : 4
2019-05-22 16:37:08,696 INFO org.bibliotheque.BibliothequeApplication [main] Starting BibliothequeApplication on DESKTOP-O849VJ0 with PID 2112 (started by CELIM in E:\PARCOURS DÉVELOPPEUR D'APPLICATION JAVA\PROJET 7 - DEVELOPPEZ LE NOUVEAU SYSTEME D’INFORMATION DE LA BIBLIOTHEQUE D’UNE GRANDE VILLE\OC-PROJET-7-WEB-SERVICE-BIBLIOTHEQUE\oc-bibliotheque-webapplication)
2019-05-22 16:37:08,700 DEBUG org.bibliotheque.BibliothequeApplication [main] Running with Spring Boot v2.1.4.RELEASE, Spring v5.1.6.RELEASE
2019-05-22 16:37:08,701 INFO org.bibliotheque.BibliothequeApplication [main] No active profile set, falling back to default profiles: default
2019-05-22 16:37:11,026 INFO org.bibliotheque.BibliothequeApplication [main] Started BibliothequeApplication in 2.677 seconds (JVM running for 3.434)
2019-05-22 16:37:12,481 DEBUG org.bibliotheque.controller.OuvrageController [http-nio-8080-exec-1] Hello from Logback
2019-05-22 16:37:12,481 INFO org.bibliotheque.controller.OuvrageController [http-nio-8080-exec-1] Liste d'ourages : 4
2019-05-22 16:37:57,849 INFO org.bibliotheque.BibliothequeApplication [main] Starting BibliothequeApplication on DESKTOP-O849VJ0 with PID 14656 (started by CELIM in E:\PARCOURS DÉVELOPPEUR D'APPLICATION JAVA\PROJET 7 - DEVELOPPEZ LE NOUVEAU SYSTEME D’INFORMATION DE LA BIBLIOTHEQUE D’UNE GRANDE VILLE\OC-PROJET-7-WEB-SERVICE-BIBLIOTHEQUE\oc-bibliotheque-webapplication)
2019-05-22 16:37:57,863 DEBUG org.bibliotheque.BibliothequeApplication [main] Running with Spring Boot v2.1.4.RELEASE, Spring v5.1.6.RELEASE
2019-05-22 16:37:57,863 INFO org.bibliotheque.BibliothequeApplication [main] No active profile set, falling back to default profiles: default
2019-05-22 16:38:00,106 INFO org.bibliotheque.BibliothequeApplication [main] Started BibliothequeApplication in 2.642 seconds (JVM running for 3.395)
2019-05-22 16:38:01,028 DEBUG org.bibliotheque.controller.OuvrageController [http-nio-8080-exec-1] Hello from Logback
2019-05-22 16:38:01,028 INFO org.bibliotheque.controller.OuvrageController [http-nio-8080-exec-1] Liste d'ourages : 4
2019-05-22 16:38:14,746 INFO org.bibliotheque.BibliothequeApplication [main] Starting BibliothequeApplication on DESKTOP-O849VJ0 with PID 13584 (started by CELIM in E:\PARCOURS DÉVELOPPEUR D'APPLICATION JAVA\PROJET 7 - DEVELOPPEZ LE NOUVEAU SYSTEME D’INFORMATION DE LA BIBLIOTHEQUE D’UNE GRANDE VILLE\OC-PROJET-7-WEB-SERVICE-BIBLIOTHEQUE\oc-bibliotheque-webapplication)
2019-05-22 16:38:14,748 DEBUG org.bibliotheque.BibliothequeApplication [main] Running with Spring Boot v2.1.4.RELEASE, Spring v5.1.6.RELEASE
2019-05-22 16:38:14,750 INFO org.bibliotheque.BibliothequeApplication [main] No active profile set, falling back to default profiles: default
2019-05-22 16:38:17,316 INFO org.bibliotheque.BibliothequeApplication [main] Started BibliothequeApplication in 2.93 seconds (JVM running for 3.733)
2019-05-22 16:38:18,487 DEBUG org.bibliotheque.controller.OuvrageController [http-nio-8080-exec-1] Hello from Logback
2019-05-22 16:38:18,488 INFO org.bibliotheque.controller.OuvrageController [http-nio-8080-exec-1] Liste d'ourages : 4
2019-05-22 16:38:39,225 INFO org.bibliotheque.BibliothequeApplication [main] Starting BibliothequeApplication on DESKTOP-O849VJ0 with PID 10272 (started by CELIM in E:\PARCOURS DÉVELOPPEUR D'APPLICATION JAVA\PROJET 7 - DEVELOPPEZ LE NOUVEAU SYSTEME D’INFORMATION DE LA BIBLIOTHEQUE D’UNE GRANDE VILLE\OC-PROJET-7-WEB-SERVICE-BIBLIOTHEQUE\oc-bibliotheque-webapplication)
2019-05-22 16:38:39,229 DEBUG org.bibliotheque.BibliothequeApplication [main] Running with Spring Boot v2.1.4.RELEASE, Spring v5.1.6.RELEASE
2019-05-22 16:38:39,230 INFO org.bibliotheque.BibliothequeApplication [main] No active profile set, falling back to default profiles: default
2019-05-22 16:38:41,360 INFO org.bibliotheque.BibliothequeApplication [main] Started BibliothequeApplication in 2.461 seconds (JVM running for 3.199)
2019-05-22 16:38:48,117 DEBUG org.bibliotheque.controller.OuvrageController [http-nio-8080-exec-1] Hello from Logback
2019-05-22 16:38:48,117 INFO org.bibliotheque.controller.OuvrageController [http-nio-8080-exec-1] Liste d'ourages : 4
2019-05-22 16:38:50,302 DEBUG org.bibliotheque.controller.OuvrageController [http-nio-8080-exec-4] Hello from Logback
2019-05-22 16:38:50,302 INFO org.bibliotheque.controller.OuvrageController [http-nio-8080-exec-4] Liste d'ourages : 4
2019-05-22 16:39:46,112 INFO org.bibliotheque.BibliothequeApplication [main] Starting BibliothequeApplication on DESKTOP-O849VJ0 with PID 6740 (started by CELIM in E:\PARCOURS DÉVELOPPEUR D'APPLICATION JAVA\PROJET 7 - DEVELOPPEZ LE NOUVEAU SYSTEME D’INFORMATION DE LA BIBLIOTHEQUE D’UNE GRANDE VILLE\OC-PROJET-7-WEB-SERVICE-BIBLIOTHEQUE\oc-bibliotheque-webapplication)
2019-05-22 16:39:46,116 DEBUG org.bibliotheque.BibliothequeApplication [main] Running with Spring Boot v2.1.4.RELEASE, Spring v5.1.6.RELEASE
2019-05-22 16:39:46,116 INFO org.bibliotheque.BibliothequeApplication [main] No active profile set, falling back to default profiles: default
2019-05-22 16:39:48,407 INFO org.bibliotheque.BibliothequeApplication [main] Started BibliothequeApplication in 2.622 seconds (JVM running for 3.367)
2019-05-22 16:39:51,027 DEBUG org.bibliotheque.controller.OuvrageController [http-nio-8080-exec-1] Hello from Logback
2019-05-22 16:39:51,027 INFO org.bibliotheque.controller.OuvrageController [http-nio-8080-exec-1] Liste d'ourages : 4
2019-05-22 16:39:56,181 DEBUG org.bibliotheque.controller.OuvrageController [http-nio-8080-exec-7] Hello from Logback
2019-05-22 16:39:56,181 INFO org.bibliotheque.controller.OuvrageController [http-nio-8080-exec-7] Liste d'ourages : 4
2019-05-22 16:43:48,488 INFO org.bibliotheque.BibliothequeApplication [main] Starting BibliothequeApplication on DESKTOP-O849VJ0 with PID 248 (started by CELIM in E:\PARCOURS DÉVELOPPEUR D'APPLICATION JAVA\PROJET 7 - DEVELOPPEZ LE NOUVEAU SYSTEME D’INFORMATION DE LA BIBLIOTHEQUE D’UNE GRANDE VILLE\OC-PROJET-7-WEB-SERVICE-BIBLIOTHEQUE\oc-bibliotheque-webapplication)
2019-05-22 16:43:48,490 DEBUG org.bibliotheque.BibliothequeApplication [main] Running with Spring Boot v2.1.4.RELEASE, Spring v5.1.6.RELEASE
2019-05-22 16:43:48,491 INFO org.bibliotheque.BibliothequeApplication [main] No active profile set, falling back to default profiles: default
2019-05-22 16:43:51,021 INFO org.bibliotheque.BibliothequeApplication [main] Started BibliothequeApplication in 2.868 seconds (JVM running for 3.731)
2019-05-22 16:43:55,243 DEBUG org.bibliotheque.controller.OuvrageController [http-nio-8080-exec-5] Hello from Logback
2019-05-22 16:43:55,243 INFO org.bibliotheque.controller.OuvrageController [http-nio-8080-exec-5] Liste d'ourages : 4
2019-05-22 16:44:06,902 INFO org.bibliotheque.BibliothequeApplication [main] Starting BibliothequeApplication on DESKTOP-O849VJ0 with PID 11416 (started by CELIM in E:\PARCOURS DÉVELOPPEUR D'APPLICATION JAVA\PROJET 7 - DEVELOPPEZ LE NOUVEAU SYSTEME D’INFORMATION DE LA BIBLIOTHEQUE D’UNE GRANDE VILLE\OC-PROJET-7-WEB-SERVICE-BIBLIOTHEQUE\oc-bibliotheque-webapplication)
2019-05-22 16:44:06,916 DEBUG org.bibliotheque.BibliothequeApplication [main] Running with Spring Boot v2.1.4.RELEASE, Spring v5.1.6.RELEASE
2019-05-22 16:44:06,917 INFO org.bibliotheque.BibliothequeApplication [main] No active profile set, falling back to default profiles: default
2019-05-22 16:44:09,287 INFO org.bibliotheque.BibliothequeApplication [main] Started BibliothequeApplication in 2.725 seconds (JVM running for 3.442)
2019-05-22 16:44:11,200 DEBUG org.bibliotheque.controller.OuvrageController [http-nio-8080-exec-4] Hello from Logback
2019-05-22 16:44:11,201 INFO org.bibliotheque.controller.OuvrageController [http-nio-8080-exec-4] Liste d'ourages : 4
2019-05-22 16:44:56,321 INFO org.bibliotheque.BibliothequeApplication [main] Starting BibliothequeApplication on DESKTOP-O849VJ0 with PID 12924 (started by CELIM in E:\PARCOURS DÉVELOPPEUR D'APPLICATION JAVA\PROJET 7 - DEVELOPPEZ LE NOUVEAU SYSTEME D’INFORMATION DE LA BIBLIOTHEQUE D’UNE GRANDE VILLE\OC-PROJET-7-WEB-SERVICE-BIBLIOTHEQUE\oc-bibliotheque-webapplication)
2019-05-22 16:44:56,324 DEBUG org.bibliotheque.BibliothequeApplication [main] Running with Spring Boot v2.1.4.RELEASE, Spring v5.1.6.RELEASE
2019-05-22 16:44:56,325 INFO org.bibliotheque.BibliothequeApplication [main] No active profile set, falling back to default profiles: default
2019-05-22 16:44:58,578 INFO org.bibliotheque.BibliothequeApplication [main] Started BibliothequeApplication in 2.624 seconds (JVM running for 3.402)
2019-05-22 16:53:07,350 INFO org.bibliotheque.BibliothequeApplication [main] Starting BibliothequeApplication on DESKTOP-O849VJ0 with PID 6532 (started by CELIM in E:\PARCOURS DÉVELOPPEUR D'APPLICATION JAVA\PROJET 7 - DEVELOPPEZ LE NOUVEAU SYSTEME D’INFORMATION DE LA BIBLIOTHEQUE D’UNE GRANDE VILLE\OC-PROJET-7-WEB-SERVICE-BIBLIOTHEQUE\oc-bibliotheque-webapplication)
2019-05-22 16:53:07,353 DEBUG org.bibliotheque.BibliothequeApplication [main] Running with Spring Boot v2.1.4.RELEASE, Spring v5.1.6.RELEASE
2019-05-22 16:53:07,354 INFO org.bibliotheque.BibliothequeApplication [main] No active profile set, falling back to default profiles: default
2019-05-22 16:53:09,647 INFO org.bibliotheque.BibliothequeApplication [main] Started BibliothequeApplication in 2.669 seconds (JVM running for 3.424)
2019-05-22 16:53:15,832 DEBUG org.bibliotheque.controller.OuvrageController [http-nio-8080-exec-5] Hello from Logback
2019-05-22 16:53:15,832 INFO org.bibliotheque.controller.OuvrageController [http-nio-8080-exec-5] Liste d'ourages : 4
2019-05-22 16:53:17,517 DEBUG org.bibliotheque.controller.OuvrageController [http-nio-8080-exec-6] Hello from Logback
2019-05-22 16:53:17,518 INFO org.bibliotheque.controller.OuvrageController [http-nio-8080-exec-6] Liste d'ourages : 4
2019-05-22 16:53:29,638 INFO org.bibliotheque.BibliothequeApplication [main] Starting BibliothequeApplication on DESKTOP-O849VJ0 with PID 14896 (started by CELIM in E:\PARCOURS DÉVELOPPEUR D'APPLICATION JAVA\PROJET 7 - DEVELOPPEZ LE NOUVEAU SYSTEME D’INFORMATION DE LA BIBLIOTHEQUE D’UNE GRANDE VILLE\OC-PROJET-7-WEB-SERVICE-BIBLIOTHEQUE\oc-bibliotheque-webapplication)
2019-05-22 16:53:29,641 DEBUG org.bibliotheque.BibliothequeApplication [main] Running with Spring Boot v2.1.4.RELEASE, Spring v5.1.6.RELEASE
2019-05-22 16:53:29,642 INFO org.bibliotheque.BibliothequeApplication [main] No active profile set, falling back to default profiles: default
2019-05-22 16:53:31,929 INFO org.bibliotheque.BibliothequeApplication [main] Started BibliothequeApplication in 2.625 seconds (JVM running for 3.377)
2019-05-22 16:53:36,744 DEBUG org.bibliotheque.controller.OuvrageController [http-nio-8080-exec-4] Hello from Logback
2019-05-22 16:53:36,744 INFO org.bibliotheque.controller.OuvrageController [http-nio-8080-exec-4] Liste d'ourages : 4
2019-05-22 16:55:16,549 INFO org.bibliotheque.BibliothequeApplication [main] Starting BibliothequeApplication on DESKTOP-O849VJ0 with PID 988 (started by CELIM in E:\PARCOURS DÉVELOPPEUR D'APPLICATION JAVA\PROJET 7 - DEVELOPPEZ LE NOUVEAU SYSTEME D’INFORMATION DE LA BIBLIOTHEQUE D’UNE GRANDE VILLE\OC-PROJET-7-WEB-SERVICE-BIBLIOTHEQUE\oc-bibliotheque-webapplication)
2019-05-22 16:55:16,567 DEBUG org.bibliotheque.BibliothequeApplication [main] Running with Spring Boot v2.1.4.RELEASE, Spring v5.1.6.RELEASE
2019-05-22 16:55:16,573 INFO org.bibliotheque.BibliothequeApplication [main] No active profile set, falling back to default profiles: default
2019-05-22 16:55:18,734 INFO org.bibliotheque.BibliothequeApplication [main] Started BibliothequeApplication in 2.582 seconds (JVM running for 3.459)
2019-05-22 16:55:19,039 DEBUG org.bibliotheque.controller.OuvrageController [http-nio-8080-exec-1] Hello from Logback
2019-05-22 16:55:19,039 INFO org.bibliotheque.controller.OuvrageController [http-nio-8080-exec-1] Liste d'ourages : 4
2019-05-22 16:55:53,250 INFO org.bibliotheque.BibliothequeApplication [main] Starting BibliothequeApplication on DESKTOP-O849VJ0 with PID 3444 (started by CELIM in E:\PARCOURS DÉVELOPPEUR D'APPLICATION JAVA\PROJET 7 - DEVELOPPEZ LE NOUVEAU SYSTEME D’INFORMATION DE LA BIBLIOTHEQUE D’UNE GRANDE VILLE\OC-PROJET-7-WEB-SERVICE-BIBLIOTHEQUE\oc-bibliotheque-webapplication)
2019-05-22 16:55:53,253 DEBUG org.bibliotheque.BibliothequeApplication [main] Running with Spring Boot v2.1.4.RELEASE, Spring v5.1.6.RELEASE
2019-05-22 16:55:53,254 INFO org.bibliotheque.BibliothequeApplication [main] No active profile set, falling back to default profiles: default
2019-05-22 16:55:55,399 INFO org.bibliotheque.BibliothequeApplication [main] Started BibliothequeApplication in 2.484 seconds (JVM running for 3.238)
2019-05-22 16:56:01,581 DEBUG org.bibliotheque.controller.OuvrageController [http-nio-8080-exec-1] Hello from Logback
2019-05-22 16:56:01,581 INFO org.bibliotheque.controller.OuvrageController [http-nio-8080-exec-1] Liste d'ourages : 4
2019-05-22 16:56:27,663 INFO org.bibliotheque.BibliothequeApplication [main] Starting BibliothequeApplication on DESKTOP-O849VJ0 with PID 14836 (started by CELIM in E:\PARCOURS DÉVELOPPEUR D'APPLICATION JAVA\PROJET 7 - DEVELOPPEZ LE NOUVEAU SYSTEME D’INFORMATION DE LA BIBLIOTHEQUE D’UNE GRANDE VILLE\OC-PROJET-7-WEB-SERVICE-BIBLIOTHEQUE\oc-bibliotheque-webapplication)
2019-05-22 16:56:27,668 DEBUG org.bibliotheque.BibliothequeApplication [main] Running with Spring Boot v2.1.4.RELEASE, Spring v5.1.6.RELEASE
2019-05-22 16:56:27,669 INFO org.bibliotheque.BibliothequeApplication [main] No active profile set, falling back to default profiles: default
2019-05-22 16:56:29,975 INFO org.bibliotheque.BibliothequeApplication [main] Started BibliothequeApplication in 2.625 seconds (JVM running for 3.334)
2019-05-22 16:56:30,998 DEBUG org.bibliotheque.controller.OuvrageController [http-nio-8080-exec-1] Hello from Logback
2019-05-22 16:56:30,998 INFO org.bibliotheque.controller.OuvrageController [http-nio-8080-exec-1] Liste d'ourages : 4
2019-05-22 16:56:55,284 INFO org.bibliotheque.BibliothequeApplication [main] Starting BibliothequeApplication on DESKTOP-O849VJ0 with PID 6292 (started by CELIM in E:\PARCOURS DÉVELOPPEUR D'APPLICATION JAVA\PROJET 7 - DEVELOPPEZ LE NOUVEAU SYSTEME D’INFORMATION DE LA BIBLIOTHEQUE D’UNE GRANDE VILLE\OC-PROJET-7-WEB-SERVICE-BIBLIOTHEQUE\oc-bibliotheque-webapplication)
2019-05-22 16:56:55,287 DEBUG org.bibliotheque.BibliothequeApplication [main] Running with Spring Boot v2.1.4.RELEASE, Spring v5.1.6.RELEASE
2019-05-22 16:56:55,288 INFO org.bibliotheque.BibliothequeApplication [main] No active profile set, falling back to default profiles: default
2019-05-22 16:56:57,699 INFO org.bibliotheque.BibliothequeApplication [main] Started BibliothequeApplication in 2.689 seconds (JVM running for 3.41)
2019-05-22 16:57:03,868 DEBUG org.bibliotheque.controller.OuvrageController [http-nio-8080-exec-1] Hello from Logback
2019-05-22 16:57:03,868 INFO org.bibliotheque.controller.OuvrageController [http-nio-8080-exec-1] Liste d'ourages : 4
2019-05-22 16:57:16,865 INFO org.bibliotheque.BibliothequeApplication [main] Starting BibliothequeApplication on DESKTOP-O849VJ0 with PID 9228 (started by CELIM in E:\PARCOURS DÉVELOPPEUR D'APPLICATION JAVA\PROJET 7 - DEVELOPPEZ LE NOUVEAU SYSTEME D’INFORMATION DE LA BIBLIOTHEQUE D’UNE GRANDE VILLE\OC-PROJET-7-WEB-SERVICE-BIBLIOTHEQUE\oc-bibliotheque-webapplication)
2019-05-22 16:57:16,868 DEBUG org.bibliotheque.BibliothequeApplication [main] Running with Spring Boot v2.1.4.RELEASE, Spring v5.1.6.RELEASE
2019-05-22 16:57:16,869 INFO org.bibliotheque.BibliothequeApplication [main] No active profile set, falling back to default profiles: default
2019-05-22 16:57:19,134 INFO org.bibliotheque.BibliothequeApplication [main] Started BibliothequeApplication in 2.741 seconds (JVM running for 3.523)
2019-05-22 16:57:20,114 DEBUG org.bibliotheque.controller.OuvrageController [http-nio-8080-exec-2] Hello from Logback
2019-05-22 16:57:20,115 INFO org.bibliotheque.controller.OuvrageController [http-nio-8080-exec-2] Liste d'ourages : 4
2019-05-22 16:57:22,234 DEBUG org.bibliotheque.controller.OuvrageController [http-nio-8080-exec-4] Hello from Logback
2019-05-22 16:57:22,235 INFO org.bibliotheque.controller.OuvrageController [http-nio-8080-exec-4] Liste d'ourages : 4
2019-05-22 16:57:40,762 INFO org.bibliotheque.BibliothequeApplication [main] Starting BibliothequeApplication on DESKTOP-O849VJ0 with PID 9096 (started by CELIM in E:\PARCOURS DÉVELOPPEUR D'APPLICATION JAVA\PROJET 7 - DEVELOPPEZ LE NOUVEAU SYSTEME D’INFORMATION DE LA BIBLIOTHEQUE D’UNE GRANDE VILLE\OC-PROJET-7-WEB-SERVICE-BIBLIOTHEQUE\oc-bibliotheque-webapplication)
2019-05-22 16:57:40,775 DEBUG org.bibliotheque.BibliothequeApplication [main] Running with Spring Boot v2.1.4.RELEASE, Spring v5.1.6.RELEASE
2019-05-22 16:57:40,775 INFO org.bibliotheque.BibliothequeApplication [main] No active profile set, falling back to default profiles: default
2019-05-22 16:57:43,034 INFO org.bibliotheque.BibliothequeApplication [main] Started BibliothequeApplication in 2.606 seconds (JVM running for 3.364)
2019-05-22 16:57:45,135 DEBUG org.bibliotheque.controller.OuvrageController [http-nio-8080-exec-1] Hello from Logback
2019-05-22 16:57:45,135 INFO org.bibliotheque.controller.OuvrageController [http-nio-8080-exec-1] Liste d'ourages : 4
2019-05-22 16:58:04,597 INFO org.bibliotheque.BibliothequeApplication [main] Starting BibliothequeApplication on DESKTOP-O849VJ0 with PID 13144 (started by CELIM in E:\PARCOURS DÉVELOPPEUR D'APPLICATION JAVA\PROJET 7 - DEVELOPPEZ LE NOUVEAU SYSTEME D’INFORMATION DE LA BIBLIOTHEQUE D’UNE GRANDE VILLE\OC-PROJET-7-WEB-SERVICE-BIBLIOTHEQUE\oc-bibliotheque-webapplication)
2019-05-22 16:58:04,600 DEBUG org.bibliotheque.BibliothequeApplication [main] Running with Spring Boot v2.1.4.RELEASE, Spring v5.1.6.RELEASE
2019-05-22 16:58:04,600 INFO org.bibliotheque.BibliothequeApplication [main] No active profile set, falling back to default profiles: default
2019-05-22 16:58:06,925 INFO org.bibliotheque.BibliothequeApplication [main] Started BibliothequeApplication in 2.743 seconds (JVM running for 3.518)
2019-05-22 16:58:08,167 DEBUG org.bibliotheque.controller.OuvrageController [http-nio-8080-exec-1] Hello from Logback
2019-05-22 16:58:08,167 INFO org.bibliotheque.controller.OuvrageController [http-nio-8080-exec-1] Liste d'ourages : 4
2019-05-22 16:58:20,691 INFO org.bibliotheque.BibliothequeApplication [main] Starting BibliothequeApplication on DESKTOP-O849VJ0 with PID 368 (started by CELIM in E:\PARCOURS DÉVELOPPEUR D'APPLICATION JAVA\PROJET 7 - DEVELOPPEZ LE NOUVEAU SYSTEME D’INFORMATION DE LA BIBLIOTHEQUE D’UNE GRANDE VILLE\OC-PROJET-7-WEB-SERVICE-BIBLIOTHEQUE\oc-bibliotheque-webapplication)
2019-05-22 16:58:20,694 DEBUG org.bibliotheque.BibliothequeApplication [main] Running with Spring Boot v2.1.4.RELEASE, Spring v5.1.6.RELEASE
2019-05-22 16:58:20,695 INFO org.bibliotheque.BibliothequeApplication [main] No active profile set, falling back to default profiles: default
2019-05-22 16:58:22,992 INFO org.bibliotheque.BibliothequeApplication [main] Started BibliothequeApplication in 2.644 seconds (JVM running for 3.401)
2019-05-22 16:58:26,201 DEBUG org.bibliotheque.controller.OuvrageController [http-nio-8080-exec-1] Hello from Logback
2019-05-22 16:58:26,201 INFO org.bibliotheque.controller.OuvrageController [http-nio-8080-exec-1] Liste d'ourages : 4
2019-05-22 16:58:38,078 INFO org.bibliotheque.BibliothequeApplication [main] Starting BibliothequeApplication on DESKTOP-O849VJ0 with PID 3596 (started by CELIM in E:\PARCOURS DÉVELOPPEUR D'APPLICATION JAVA\PROJET 7 - DEVELOPPEZ LE NOUVEAU SYSTEME D’INFORMATION DE LA BIBLIOTHEQUE D’UNE GRANDE VILLE\OC-PROJET-7-WEB-SERVICE-BIBLIOTHEQUE\oc-bibliotheque-webapplication)
2019-05-22 16:58:38,081 DEBUG org.bibliotheque.BibliothequeApplication [main] Running with Spring Boot v2.1.4.RELEASE, Spring v5.1.6.RELEASE
2019-05-22 16:58:38,082 INFO org.bibliotheque.BibliothequeApplication [main] No active profile set, falling back to default profiles: default
2019-05-22 16:58:40,288 INFO org.bibliotheque.BibliothequeApplication [main] Started BibliothequeApplication in 2.538 seconds (JVM running for 3.267)
2019-05-22 16:58:43,764 DEBUG org.bibliotheque.controller.OuvrageController [http-nio-8080-exec-1] Hello from Logback
2019-05-22 16:58:43,764 INFO org.bibliotheque.controller.OuvrageController [http-nio-8080-exec-1] Liste d'ourages : 4
2019-05-22 16:58:47,983 DEBUG org.bibliotheque.controller.OuvrageController [http-nio-8080-exec-8] Hello from Logback
2019-05-22 16:58:47,983 INFO org.bibliotheque.controller.OuvrageController [http-nio-8080-exec-8] Liste d'ourages : 4
